TN:
SF:cadence/contracts/MinorityRuleGame.cdc
DA:45,0
DA:46,0
DA:47,0
DA:48,0
DA:49,0
DA:53,0
DA:57,0
DA:58,0
DA:71,0
DA:72,0
DA:73,0
DA:74,0
DA:75,0
DA:76,0
DA:90,0
DA:91,0
DA:92,0
DA:93,0
DA:94,0
DA:95,0
DA:96,0
DA:100,0
DA:101,0
DA:102,0
DA:103,0
DA:105,0
DA:106,0
DA:107,0
DA:140,0
DA:141,0
DA:143,0
DA:144,0
DA:145,0
DA:146,0
DA:147,0
DA:148,0
DA:150,0
DA:151,0
DA:152,0
DA:153,0
DA:154,0
DA:155,0
DA:156,0
DA:157,0
DA:165,0
DA:166,0
DA:167,0
DA:168,0
DA:171,0
DA:172,0
DA:174,0
DA:181,0
DA:182,0
DA:185,0
DA:186,0
DA:188,0
DA:192,0
DA:193,0
DA:194,0
DA:195,0
DA:196,0
DA:199,0
DA:200,0
DA:201,0
DA:205,0
DA:212,0
DA:213,0
DA:214,0
DA:215,0
DA:216,0
DA:219,0
DA:220,0
DA:221,0
DA:223,0
DA:230,0
DA:231,0
DA:234,0
DA:237,0
DA:238,0
DA:239,0
DA:241,0
DA:242,0
DA:243,0
DA:244,0
DA:245,0
DA:246,0
DA:248,0
DA:255,0
DA:256,0
DA:259,0
DA:260,0
DA:262,0
DA:263,0
DA:266,0
DA:268,0
DA:269,0
DA:271,0
DA:272,0
DA:273,0
DA:283,0
DA:284,0
DA:285,0
DA:296,0
DA:303,0
DA:305,0
DA:312,0
DA:320,0
DA:321,0
DA:323,0
DA:328,0
DA:331,0
DA:332,0
DA:333,0
DA:335,0
DA:336,0
DA:339,0
DA:348,0
DA:359,0
DA:360,0
DA:361,0
DA:362,0
DA:365,0
DA:366,0
DA:367,0
DA:373,0
DA:374,0
DA:375,0
DA:376,0
DA:379,0
DA:383,0
DA:384,0
DA:385,0
DA:387,0
DA:391,0
DA:395,0
DA:409,0
DA:417,0
DA:418,0
DA:420,0
DA:427,0
DA:431,0
DA:435,0
DA:439,0
DA:445,1
DA:446,1
DA:447,1
LF:146
LH:3
end_of_record
TN:
SF:t.01de280540ed306e45ed702c079ec7e16e72939aebe1a67194a6b437f9a12aac
DA:6,1
DA:9,1
DA:11,1
DA:14,1
LF:4
LH:4
end_of_record
TN:
SF:t.06594bca6e9987b8b278e96aea0816ab523075075daef42a4e03b733a4f38cb1
DA:6,1
DA:9,1
DA:11,1
DA:14,1
LF:4
LH:4
end_of_record
TN:
SF:t.13758326b63dad1798fca28c7d364419383ec2908ce83b0349648c1d53b7866b
DA:14,1
DA:18,1
DA:20,1
DA:22,1
DA:23,1
DA:26,1
DA:30,1
LF:7
LH:7
end_of_record
TN:
SF:t.155cbc6390255e152dfc9ade7c68b4e72550a7fc85dcd82095e662e605981f5d
DA:6,1
DA:9,1
DA:11,1
DA:14,1
LF:4
LH:4
end_of_record
TN:
SF:t.16c4277a3b04e03ae32881336606695275b84ec35375515cd4102a2ed8ba660e
DA:3,1
DA:4,1
LF:2
LH:2
end_of_record
TN:
SF:t.19085af48a972892d55268ab0e1ee683007db9a56d546867b0771c1aa3f56ee9
DA:5,1
DA:8,1
DA:9,1
DA:13,1
DA:14,0
LF:5
LH:4
end_of_record
TN:
SF:t.1b2b226b0ac11fda04d9c76940cd1c64ad2105dfddd5b19ad78ff89b51c61ff8
DA:3,1
LF:1
LH:1
end_of_record
TN:
SF:t.1d429b74015be9074dfc7508cc84349031f0f7057a3234a23707c559a4bec18f
DA:6,1
DA:9,1
DA:11,1
DA:14,1
LF:4
LH:4
end_of_record
TN:
SF:t.1f3f3ae7b93eb4f938506920fe4a55fb4a3d413502bfaca5d291a5492cf598f1
DA:3,1
DA:4,1
LF:2
LH:2
end_of_record
TN:
SF:t.23676970e552b9ba9e9557b637d9883f7e37ef362567c413d37972c690d050fd
DA:3,1
LF:1
LH:1
end_of_record
TN:
SF:t.25c6b8c6d392c141b154aec1c2ba450442d3b3acd7640aae2819295ac54c561b
DA:6,1
DA:9,1
DA:11,1
DA:14,1
LF:4
LH:4
end_of_record
TN:
SF:t.2bf6a903268c46a5abb189294e6c9e0fa160b0bf74520251818062437878a2fe
DA:3,1
LF:1
LH:1
end_of_record
TN:
SF:t.2c828acfb0f79eef092b833122defdf4a24c2e0e1ebcbf68d8fe9a6cf9fbe1f1
DA:5,1
DA:8,1
DA:9,1
DA:13,1
DA:14,0
LF:5
LH:4
end_of_record
TN:
SF:t.2cba40846d3855a37a9698255b2d4e92b4ec271091a1794646cad58fdbc2b7b1
DA:5,1
DA:8,1
DA:9,1
DA:13,1
DA:14,0
LF:5
LH:4
end_of_record
TN:
SF:t.2f23268d32f9b9001f252f4dccb6677554d106ce14b78b54a764eb2228908e12
DA:5,1
DA:8,1
DA:9,1
DA:13,1
DA:14,0
LF:5
LH:4
end_of_record
TN:
SF:t.2fcc17cb4a9c5ef76639711074a830f88cd4d2b7b31cbe67e760e6403bfbc411
DA:3,1
LF:1
LH:1
end_of_record
TN:
SF:t.2ff705d437bb304ad4a017bae5c14195d0ed2689198ce3871ce7af30670e8842
DA:3,1
LF:1
LH:1
end_of_record
TN:
SF:t.3318cb53a62cdd9e2437e939fdf3f03dedad862acd6e041474de846fcbcbbdb4
DA:3,1
LF:1
LH:1
end_of_record
TN:
SF:t.3483aebad65cdbf1dc4f4f0cdce4b5df2ce170a56fa0fbb5b89c58b7c97540a8
DA:6,1
DA:9,1
DA:11,1
DA:14,1
LF:4
LH:4
end_of_record
TN:
SF:t.35c330a4a424b3cd6e8f058747a8d4e05df88d6000d95543eae532fb3f740d64
DA:6,1
DA:9,1
DA:11,1
DA:14,1
LF:4
LH:4
end_of_record
TN:
SF:t.3cac741212b87995d1449dfb433a50b358200291ced957631e3b16185140935f
DA:3,1
LF:1
LH:1
end_of_record
TN:
SF:t.3d2b1ffb7b408536709b4e622abf525143650ba46cb5bb2413a5eb21fbc539d2
DA:5,1
DA:8,1
DA:9,1
DA:13,1
DA:14,0
LF:5
LH:4
end_of_record
TN:
SF:t.3e2be361ac5c5db54e57a9abca07c0846abd78b8b326337d72944f4a8dd3686d
DA:5,1
DA:8,1
DA:9,1
DA:13,1
DA:14,0
LF:5
LH:4
end_of_record
TN:
SF:t.407cead94a1c89c79061e9fea652b258151496f457bd6702e42485cd6bc56b3e
DA:5,1
DA:8,1
DA:9,1
DA:13,1
DA:14,0
LF:5
LH:4
end_of_record
TN:
SF:t.416132deaf6e1bd632d2a3b786ebe8f0f1e0c93042cc11f5f762e782d69fe93d
DA:6,1
DA:9,1
DA:11,1
DA:14,1
LF:4
LH:4
end_of_record
TN:
SF:t.4419a18e10da70f63a6847e5e796601307f43d602d4a03c3b07c593186f663cf
DA:6,1
DA:9,1
DA:11,1
DA:14,1
LF:4
LH:4
end_of_record
TN:
SF:t.447d780be1bde50f1bfacfe3b53f16765be73f9be7eb29074c786dd628feec8d
DA:6,1
DA:9,1
DA:11,1
DA:14,1
LF:4
LH:4
end_of_record
TN:
SF:t.4527debeeb5f488430a8039f632be72f6defd4cb1dd00a29c98fbb89065df57f
DA:6,1
DA:10,1
DA:12,1
LF:3
LH:3
end_of_record
TN:
SF:t.49614714e2d8cf4d34d1ef7e372d11590336e0a2abd148ea400fddfd9a93b198
DA:6,1
DA:9,1
DA:11,1
DA:14,1
LF:4
LH:4
end_of_record
TN:
SF:t.49b0d0f68e4994e23baae71cb0a42fa1e690934b297a494d44e3e17cb55cf556
DA:6,1
DA:9,1
DA:11,1
DA:14,1
LF:4
LH:4
end_of_record
TN:
SF:t.4c300bf9a870ec5ca4efb7c2370b6b8a1132e4d754d1032111aa9c57bca5e2f2
DA:5,1
DA:8,1
DA:9,1
DA:13,1
DA:14,0
LF:5
LH:4
end_of_record
TN:
SF:t.4f9ea2b7337b8b6386347e649f6801353b05192f740742f9b71672609a021f81
DA:6,1
DA:9,1
DA:11,1
DA:14,1
LF:4
LH:4
end_of_record
TN:
SF:t.5363aab73952246df368f8eda6da291abe9132649216c27480e7e90b50e1d444
DA:3,1
LF:1
LH:1
end_of_record
TN:
SF:t.5680a652708dfdc3d78f2761e3e4e2cb4918f27820d47842465a5e1c57ff810e
DA:5,1
DA:8,1
DA:9,1
DA:13,1
DA:14,0
LF:5
LH:4
end_of_record
TN:
SF:t.5740d913d2d22523e6c91d85b5f7ba8bfbfa5fb57efe464125c37b42a530fe6b
DA:6,1
DA:9,1
DA:11,1
DA:14,1
LF:4
LH:4
end_of_record
TN:
SF:t.592bc7ba0d38fede814bde7f2b51a2c6955ee83f23f8512d07f417f2c78d76b3
DA:6,1
DA:9,1
DA:11,1
DA:14,1
LF:4
LH:4
end_of_record
TN:
SF:t.5957265cf176d8d5c1242c1a528cfa586d365e55a7dd90ae419bbe29f040a686
DA:5,1
DA:8,1
DA:9,1
DA:13,1
DA:14,0
LF:5
LH:4
end_of_record
TN:
SF:t.5eecfe7e5b7b2a652a7f64b95ff64ec75a1949068c248b3344b3ccf0b1460473
DA:12,1
DA:17,1
LF:2
LH:2
end_of_record
TN:
SF:t.62ffdc836f1ab2b47384a013627a28fc446eed6b95b1a7edc5a84b63e154ccb8
DA:7,1
DA:10,1
DA:13,1
DA:14,1
DA:15,1
DA:16,1
LF:6
LH:6
end_of_record
TN:
SF:t.64b7292478f9b0768bcffd9022e61495e387d69f63346d60c2b945b3565ceaba
DA:6,1
DA:9,1
DA:11,1
DA:14,1
LF:4
LH:4
end_of_record
TN:
SF:t.658ce36b454e07927ce199fbf52efbca35d9ca4b91d45b0d083d6ef7e1ebc663
DA:3,1
DA:4,1
LF:2
LH:2
end_of_record
TN:
SF:t.6a4b1aa51967e822a67378c59bd613d9fce345d939df1c36c13ce2a04cd39bfd
DA:4,1
DA:5,1
LF:2
LH:2
end_of_record
TN:
SF:t.6e1212cbace8588199856a49e964deb6c23ebafcee1972e1fedde2cfa18201a7
DA:3,1
LF:1
LH:1
end_of_record
TN:
SF:t.7020ba2525c1f7d9ad76371dd57a7e0704702ddce20570709f192f82c8817a1a
DA:6,1
DA:9,1
DA:11,1
DA:14,1
LF:4
LH:4
end_of_record
TN:
SF:t.71f339b47ea040c2088e1aacd88445da5df84bbbde585ea2a6886df5197096da
DA:5,1
DA:8,1
DA:9,1
DA:13,1
DA:14,0
LF:5
LH:4
end_of_record
TN:
SF:t.73520c1647de98d44e61e2467fe6dbc80f3b10638e580ccc02947d823bc5caf8
DA:5,1
DA:8,1
DA:9,1
DA:13,1
DA:14,0
LF:5
LH:4
end_of_record
TN:
SF:t.737e239b06152fa984bedb9b9b9fc1c12432d4107bd3135b351ac056c3e2c5d8
DA:5,1
DA:8,1
DA:9,1
DA:13,1
DA:14,0
LF:5
LH:4
end_of_record
TN:
SF:t.75609d46857cd7ca8be7b8b786384755890b5651462039732214da756ece6587
DA:6,1
DA:9,1
DA:11,1
DA:14,1
LF:4
LH:4
end_of_record
TN:
SF:t.757673471d08d957e019343fbf9e99108c281c59f946a15004b2019e2f4b5ff6
DA:3,1
LF:1
LH:1
end_of_record
TN:
SF:t.77efd9f0d3d97a524ea8c5ed1cb026c8d600ca924c7db49060acd8489ef30939
DA:4,1
LF:1
LH:1
end_of_record
TN:
SF:t.79d3ccf9b54a1638b5f6a0b91f1c8a650ab43d59a06327154afde793ce162f96
DA:6,1
DA:9,1
DA:11,1
DA:14,1
LF:4
LH:4
end_of_record
TN:
SF:t.7a35c5e2fdddd65d90444b0345624d9633a469f21330759c507ae433f0d2ecf9
DA:5,1
DA:8,1
DA:9,1
DA:13,1
DA:14,0
LF:5
LH:4
end_of_record
TN:
SF:t.7bbb9b338be6a9394c1ed6a137657bb54db57743094f60521f4b37014598b9e5
DA:3,1
DA:4,1
LF:2
LH:2
end_of_record
TN:
SF:t.7c1f59633097637cd4a1b74edfde55ca516ea183c1f1297e4eaf08cd6545f4a0
DA:3,1
LF:1
LH:1
end_of_record
TN:
SF:t.7f274c39c961d3adee70537f623d766d937854c5f949e850d2c34db0a0b87e2c
DA:3,1
LF:1
LH:1
end_of_record
TN:
SF:t.8046294ad2bcf1642a9fecb5b3ad877652bf8c703d60ba611d603d61b6abd9a9
DA:6,1
DA:9,1
DA:11,1
DA:14,1
LF:4
LH:4
end_of_record
TN:
SF:t.807f8337e71f8105e994e9aba5e835dcbff5374f95f4136a9ce14581f2b781f6
DA:6,1
DA:9,1
DA:11,1
DA:14,1
LF:4
LH:4
end_of_record
TN:
SF:t.80e6fbd0498100d4e0b6d66ac5a36ab63452567da1461f084c3da65916bbedc4
DA:17,1
DA:18,1
DA:19,1
DA:20,0
DA:21,0
DA:24,1
LF:6
LH:4
end_of_record
TN:
SF:t.863a8d44b9fe3b39fb5d24912815c2f44197907d65617d503c0bff92500caf59
DA:5,1
DA:8,1
DA:9,1
DA:13,1
DA:14,0
LF:5
LH:4
end_of_record
TN:
SF:t.8978f6e2be62e2b37af5f9dc76070017f1523d1e28898d6bd80efbece09aa7d1
DA:17,1
DA:20,1
DA:24,1
DA:25,4
DA:27,4
DA:28,4
DA:29,3
DA:32,4
DA:35,4
LF:9
LH:9
end_of_record
TN:
SF:t.8ecd0baef1884e3ef8b7cc800a5d2e76d1b8ba3d73bc0c2c0bf2c74b0a55573c
DA:10,1
DA:14,1
DA:20,1
DA:21,1
DA:23,1
DA:25,1
LF:6
LH:6
end_of_record
TN:
SF:t.9035c0638eda038f231aede3fe1e60fde4464d714a54c314217a75dfe18b17ba
DA:3,1
LF:1
LH:1
end_of_record
TN:
SF:t.931e3c8424fc648f197c2adc0fbe0c49c9a166d2834c702eae29157432cc04c0
DA:6,1
DA:9,1
DA:11,1
DA:14,1
LF:4
LH:4
end_of_record
TN:
SF:t.940e223b8710cd0038ee5db3354fa3b349d6ed0ac88d993bb68cdf2f9c380f33
DA:6,1
DA:9,1
DA:11,1
DA:14,1
LF:4
LH:4
end_of_record
TN:
SF:t.9491cb7da30400eb3039739858632b0354a1dc18d6e6839d8b910f8d4919516d
DA:6,1
DA:9,1
DA:11,1
DA:14,1
LF:4
LH:4
end_of_record
TN:
SF:t.96f8e54de54368f7269d9315be499b39787afb7d5dc3e5ee428ddf1f1ed1939d
DA:6,1
DA:9,1
DA:11,1
DA:14,1
LF:4
LH:4
end_of_record
TN:
SF:t.9733d16a2720f1456ddc3259147d1149754dce1c1f5ae8eacd14c273deb54740
DA:6,1
DA:9,1
LF:2
LH:2
end_of_record
TN:
SF:t.976576e7c68d4b02bb48d8c45e7ced05ebe68efced1231dd9beef3faa24eb25e
DA:6,1
DA:9,1
DA:11,1
DA:14,1
LF:4
LH:4
end_of_record
TN:
SF:t.97efa1d8d12c3820b3b6b3c53bbbe641419057399fe8a6c7b5bdb6ec87b771d0
DA:3,1
DA:4,1
LF:2
LH:2
end_of_record
TN:
SF:t.9a09a70964bcbb5394ccf9461cc3cf842c81e59ed4e7ddfb96142bbd411b0331
DA:6,1
DA:9,1
DA:11,1
DA:14,1
LF:4
LH:4
end_of_record
TN:
SF:t.9d11f2f303bd54482c75ddcb3fa70219048ce976cced0a1d854e212468f8ddd5
DA:5,1
DA:8,1
DA:9,1
DA:13,1
DA:14,0
LF:5
LH:4
end_of_record
TN:
SF:t.a00c36d462eb991263a90beda2b61a0da0b7ed9ac496b67efebfca6119c443d5
DA:6,1
DA:9,1
DA:11,1
DA:14,1
LF:4
LH:4
end_of_record
TN:
SF:t.a66512f35c105ba0b0813dfb603b2ea81d6a42f3534ecdb99642391d6fe00eb2
DA:6,1
DA:9,1
DA:11,1
DA:14,1
LF:4
LH:4
end_of_record
TN:
SF:t.af92dcb124ecffe563c60496aad25a2fa3b8b1985a5bd8b2793c2cb6791ff7ee
DA:6,1
DA:9,1
DA:11,1
DA:14,1
LF:4
LH:4
end_of_record
TN:
SF:t.b1a076767b73e6197271c2ed5a887ae478d7f1928df1d6314d3b666bcd979416
DA:3,1
LF:1
LH:1
end_of_record
TN:
SF:t.b63024c13a92c405bde269907cfb8840ff25471b52dcc7fa2767781649eef717
DA:6,1
DA:9,1
DA:11,1
DA:14,1
LF:4
LH:4
end_of_record
TN:
SF:t.bb21c9757faf3d2645be91bc5ad2eed31c88f05fa2f4a07ca134c82164a11cab
DA:6,1
DA:9,1
DA:11,1
DA:14,1
LF:4
LH:4
end_of_record
TN:
SF:t.becf461c6db2516bf2b7f8afaa9feb93149064545daf32e8b8d426971be8eedb
DA:3,1
LF:1
LH:1
end_of_record
TN:
SF:t.bffb7cf7392a9f135bd6994a965eb563bf83a68b637d5b8573f4acfbdfb58d51
DA:6,1
DA:9,1
DA:11,1
DA:14,1
LF:4
LH:4
end_of_record
TN:
SF:t.c87aff27e44c11ab271f91a28822e28105370e1752730b26620b72b1df9c7466
DA:3,1
LF:1
LH:1
end_of_record
TN:
SF:t.c96ad648a0fc31e509b384ccc5e8e44dd39cb02350ec393ddd375bfba203c20d
DA:3,1
LF:1
LH:1
end_of_record
TN:
SF:t.c987cee1561465611fe1634b8387334db61b903209c5d421163c67cc841950cd
DA:6,1
DA:9,1
DA:11,1
DA:14,1
LF:4
LH:4
end_of_record
TN:
SF:t.c9ab0d78223a093d614dbd29e3dacdc1f0b05f1b6085fb4aaf4fb225df498131
DA:3,1
LF:1
LH:1
end_of_record
TN:
SF:t.cbba0b4ea2bfb114ea48c428c6d22fc83139dd20278025f47cc9c30334380e08
DA:6,1
DA:9,1
DA:11,1
DA:14,1
LF:4
LH:4
end_of_record
TN:
SF:t.d10cedd9443e60dc255eb3414e73442e9336eb72f06696e9e867fb9f638fe1ea
DA:6,1
DA:9,1
DA:11,1
DA:14,1
LF:4
LH:4
end_of_record
TN:
SF:t.d256ebd450ef492b5a070283661735aad385b844a73ffa7b106573b9d7549b22
DA:6,1
DA:9,1
DA:11,1
DA:14,1
LF:4
LH:4
end_of_record
TN:
SF:t.d8809df5f9be3f5c5fc757389713b7b61700210c85cde819b2bb609a66ed012a
DA:6,1
DA:9,1
DA:11,1
DA:14,1
LF:4
LH:4
end_of_record
TN:
SF:t.d8b74de7dd4576c77dc1306d5a76be550ad9be4345a2edcd8f42abc64d1e62f6
DA:6,1
DA:9,1
DA:11,1
DA:14,1
LF:4
LH:4
end_of_record
TN:
SF:t.e31ca4491bb05946228f63a6aa97f49097be7f0d2c9764ca76a949709b2fce55
DA:3,1
LF:1
LH:1
end_of_record
TN:
SF:t.e4aca45ebd9d9cefd205b4a16adf3e4a16f0302a6b0650aad6dd087b5a547a85
DA:6,1
DA:9,1
DA:11,1
DA:14,1
LF:4
LH:4
end_of_record
TN:
SF:t.e57393eca5830d7fc23c4b3ac1a6dc79389ff7ba3e89f1d4f0b2465950f0ba56
DA:5,1
DA:8,1
DA:9,1
DA:13,1
DA:14,0
LF:5
LH:4
end_of_record
TN:
SF:t.e66d738a6743c72f7013fd29b001bb338b177c09660f6b6f1e3b5ce0080b50da
DA:5,1
DA:8,1
DA:9,1
DA:13,1
DA:14,0
LF:5
LH:4
end_of_record
TN:
SF:t.e709269956460e78dd7c08307b16a2620a2ad4e21be1889513848e0abf597c6b
DA:6,1
DA:9,1
DA:11,1
DA:14,1
LF:4
LH:4
end_of_record
TN:
SF:t.eb7e2df274c528c596bfba8907a7a894a5ba384920b144192f2c374c64155a3f
DA:6,1
DA:9,1
DA:11,1
DA:14,1
LF:4
LH:4
end_of_record
TN:
SF:t.eb8c7a558706d1938a572737bdecc66e7c047d6a58226e4b5dc3eb3ad7317b6b
DA:4,1
LF:1
LH:1
end_of_record
TN:
SF:t.ec5aea9e0478b96649ea4131b5700f555520a6ade0f6be5222659723213d7a7f
DA:3,1
LF:1
LH:1
end_of_record
TN:
SF:t.ee75e1f8962a0d70d17410a7b32d3aa03ee4e50cdc80540eb34f84ec9c2e1f57
DA:6,1
DA:9,1
DA:11,1
DA:14,1
LF:4
LH:4
end_of_record
TN:
SF:t.efab41bd6bf6a1fc19d4543f01a6543573f48eca04a34873a78e75095e0a2625
DA:6,1
DA:9,1
DA:11,1
DA:14,1
LF:4
LH:4
end_of_record
TN:
SF:t.efb94b2212ead49d90de9c78e4d9e6f905388297bcbccb62fad9eb8d506e3af1
DA:6,1
DA:9,1
DA:11,1
DA:14,1
LF:4
LH:4
end_of_record
TN:
SF:t.f1fda9182e74817e9b621fd4d065167c3bdccb42cc6781dc0adb7a0b3d2ac891
DA:6,1
DA:9,1
DA:11,1
DA:14,1
LF:4
LH:4
end_of_record
TN:
SF:t.f722cf6c9607ead6851096922151d99df4ca490c53113f96ca35bbc258feb171
DA:5,1
DA:8,1
DA:9,1
DA:13,1
DA:14,0
LF:5
LH:4
end_of_record
TN:
SF:t.fa5ccaa8fe40b8f7fd7d942dd2262b77e18293778836fd1dbb7c40f507ea43db
DA:5,1
DA:8,1
DA:9,1
DA:13,1
DA:14,0
LF:5
LH:4
end_of_record
TN:
SF:t.fdf05593dda991580f2f6a45d8d51cc35de8f848d023ad2743dccbaca07a49ca
DA:3,1
LF:1
LH:1
end_of_record
TN:
SF:t.fe15ecc3882bcee8393ba98f39170595a74fa1b2bb6809c5e5739e6c56f76b42
DA:3,1
LF:1
LH:1
end_of_record
TN:
SF:t.ffb046e22c8c79ee9b6e84f65fb7cc5c5409c6e5bd457a89c2f1a6b58924901d
DA:6,1
DA:9,1
DA:11,1
DA:14,1
LF:4
LH:4
end_of_record
