TN:
SF:cadence/contracts/MinorityRuleGame.cdc
DA:45,0
DA:46,0
DA:47,0
DA:48,0
DA:49,0
DA:53,0
DA:57,0
DA:58,0
DA:71,0
DA:72,0
DA:73,0
DA:74,0
DA:75,0
DA:76,0
DA:90,0
DA:91,0
DA:92,0
DA:93,0
DA:94,0
DA:95,0
DA:96,0
DA:100,0
DA:101,0
DA:102,0
DA:103,0
DA:105,0
DA:106,0
DA:107,0
DA:140,5
DA:141,5
DA:143,5
DA:144,5
DA:145,5
DA:146,5
DA:147,5
DA:148,5
DA:150,5
DA:151,5
DA:152,5
DA:153,5
DA:154,5
DA:155,5
DA:156,5
DA:157,5
DA:165,0
DA:166,0
DA:167,0
DA:168,0
DA:171,0
DA:172,0
DA:174,0
DA:181,0
DA:182,0
DA:185,0
DA:186,0
DA:188,0
DA:192,0
DA:193,0
DA:194,0
DA:195,0
DA:196,0
DA:199,0
DA:200,0
DA:201,0
DA:205,0
DA:212,0
DA:213,0
DA:214,0
DA:215,0
DA:216,0
DA:219,0
DA:220,0
DA:221,0
DA:223,0
DA:230,0
DA:231,0
DA:234,0
DA:237,0
DA:238,0
DA:239,0
DA:241,0
DA:242,0
DA:243,0
DA:244,0
DA:245,0
DA:246,0
DA:248,0
DA:255,0
DA:256,0
DA:259,0
DA:260,0
DA:262,0
DA:263,0
DA:266,0
DA:268,0
DA:269,0
DA:271,0
DA:272,0
DA:273,0
DA:283,0
DA:284,0
DA:285,0
DA:296,0
DA:303,0
DA:305,0
DA:312,0
DA:320,0
DA:321,0
DA:323,0
DA:328,0
DA:331,0
DA:332,0
DA:333,0
DA:335,0
DA:336,0
DA:339,0
DA:348,0
DA:359,0
DA:360,0
DA:361,0
DA:362,0
DA:365,0
DA:366,0
DA:367,0
DA:373,0
DA:374,0
DA:375,0
DA:376,0
DA:379,0
DA:383,0
DA:384,0
DA:385,0
DA:387,0
DA:391,0
DA:395,0
DA:409,5
DA:417,5
DA:418,5
DA:420,5
DA:427,5
DA:431,0
DA:435,0
DA:439,0
DA:445,1
DA:446,1
DA:447,1
LF:146
LH:24
end_of_record
TN:
SF:t.0958a2725da1d36e85af2ccd1b1f56b8a0913fcbdab340ab635a17ea75f5703a
DA:6,1
DA:9,1
DA:11,1
DA:14,1
LF:4
LH:4
end_of_record
TN:
SF:t.0a2c4620fafc877e7fefbf2168df981366c9fc9a568d3ae2ff8c91349729bfa4
DA:6,1
DA:9,1
DA:11,1
DA:14,1
LF:4
LH:4
end_of_record
TN:
SF:t.10b6d932ecadac545fb7b1c5a4e11fff6888dd33dcc6bdd5bf0e39bed90d6a2b
DA:12,1
DA:16,1
DA:17,0
DA:22,0
DA:26,0
DA:28,0
LF:6
LH:2
end_of_record
TN:
SF:t.121a0a559d0dbadad509f25c82be25d529e619b0dd02bdb4e8522a207599afd1
DA:6,1
DA:9,1
DA:11,1
DA:14,1
LF:4
LH:4
end_of_record
TN:
SF:t.1222f3786efb0d1845415c5348cc16a757a24812f4a4badaa2ae89c112202215
DA:5,1
DA:8,1
DA:9,1
DA:13,1
DA:14,0
LF:5
LH:4
end_of_record
TN:
SF:t.13758326b63dad1798fca28c7d364419383ec2908ce83b0349648c1d53b7866b
DA:14,1
DA:18,1
DA:20,1
DA:22,1
DA:23,1
DA:26,1
DA:30,1
LF:7
LH:7
end_of_record
TN:
SF:t.14467a6b2756f348ac4ed921cb8968c449fba63495db1e68df680e0ca7e7472a
DA:5,1
DA:8,1
DA:9,1
DA:13,1
DA:14,0
LF:5
LH:4
end_of_record
TN:
SF:t.1548b189a470142a3188dac6a08d334d1541c7cec7c28742434483f8ea1d1a20
DA:6,1
DA:9,1
DA:11,1
DA:14,1
LF:4
LH:4
end_of_record
TN:
SF:t.1654ef823a30e77ad61a327dc2fdd68368f599fcf227810eff1a9576e906de53
DA:4,1
LF:1
LH:1
end_of_record
TN:
SF:t.16a6edbfa1c8007a8fc6a9d4224951cd9b4214edfd504ecbf9cc1cdb8d22a007
DA:5,1
DA:8,1
DA:9,1
DA:13,1
DA:14,0
LF:5
LH:4
end_of_record
TN:
SF:t.16c4277a3b04e03ae32881336606695275b84ec35375515cd4102a2ed8ba660e
DA:3,1
DA:4,1
LF:2
LH:2
end_of_record
TN:
SF:t.18f7047ee4d6fd2562ce70e46aabda03fdfe3e97bbbdc4364f93bea51e311196
DA:6,1
DA:9,1
DA:11,1
DA:14,1
LF:4
LH:4
end_of_record
TN:
SF:t.1a0eee878ce599478312e59b2edb4f4d22335c114f65d11cd3483818ec37dfc1
DA:6,1
DA:9,1
DA:11,1
DA:14,1
LF:4
LH:4
end_of_record
TN:
SF:t.1b5e1581e4a97744915e97d59ec8ede907ed7c1760f7814cb32e27d5358cbe64
DA:5,1
DA:8,1
DA:9,1
DA:13,1
DA:14,0
LF:5
LH:4
end_of_record
TN:
SF:t.1c28b3967fd29eda9e693e19296ebee0b79bf9ef6e5479d5fade408221389ce0
DA:6,1
DA:9,1
DA:11,1
DA:14,1
LF:4
LH:4
end_of_record
TN:
SF:t.1c8e0b341a9e41e227dae186c0e4642cc9c9c2a755666ed2095f8f2784acdfca
DA:6,1
DA:9,1
DA:11,1
DA:14,1
LF:4
LH:4
end_of_record
TN:
SF:t.21273ec5d192f73fd7e5a3967e9ea34257dbaed1403059699e1dbb56d7812675
DA:6,1
DA:9,1
DA:11,1
DA:14,1
LF:4
LH:4
end_of_record
TN:
SF:t.22efbf41909ed2d9e4f6215fd63585dc4e22ac8e374210da05ea55f6ede5555d
DA:12,1
DA:16,1
DA:17,0
DA:22,0
DA:26,0
DA:28,0
LF:6
LH:2
end_of_record
TN:
SF:t.2353552fee9c4a530d3e4492c59d3ebd0f5651846dea51a48cb646802371aa9c
DA:6,1
DA:9,1
DA:11,1
DA:14,1
LF:4
LH:4
end_of_record
TN:
SF:t.23676970e552b9ba9e9557b637d9883f7e37ef362567c413d37972c690d050fd
DA:3,1
LF:1
LH:1
end_of_record
TN:
SF:t.277274e130a38cf624fb1ecaf5e8f0f6dd4943c981aee1e63d9a57ac5f731cf7
DA:6,1
DA:9,1
DA:11,1
DA:14,1
LF:4
LH:4
end_of_record
TN:
SF:t.291125271ca8349c43b778125fcb58b1d50ce0a2e09c0393400ed95d3cba9e18
DA:6,1
DA:9,1
DA:11,1
DA:14,1
LF:4
LH:4
end_of_record
TN:
SF:t.2b0ace749d454315ae699ed7d59030ba2768eb63347fe54dae37dd194f0b7910
DA:6,1
DA:9,1
DA:11,1
DA:14,1
LF:4
LH:4
end_of_record
TN:
SF:t.2bf6a903268c46a5abb189294e6c9e0fa160b0bf74520251818062437878a2fe
DA:3,1
LF:1
LH:1
end_of_record
TN:
SF:t.2c15dda371bf455cb4bf1f794544b46ea37cd9f2ffac8d6374179d4cefcc8bcb
DA:5,1
DA:8,1
DA:9,1
DA:13,1
DA:14,0
LF:5
LH:4
end_of_record
TN:
SF:t.2fcc17cb4a9c5ef76639711074a830f88cd4d2b7b31cbe67e760e6403bfbc411
DA:3,1
LF:1
LH:1
end_of_record
TN:
SF:t.2ff705d437bb304ad4a017bae5c14195d0ed2689198ce3871ce7af30670e8842
DA:3,1
LF:1
LH:1
end_of_record
TN:
SF:t.302954c849d7fb5c5ec86986ecb34beb6fd291e508e2ef4380166f6cf63ab52d
DA:6,1
DA:9,1
DA:11,1
DA:14,1
LF:4
LH:4
end_of_record
TN:
SF:t.3318cb53a62cdd9e2437e939fdf3f03dedad862acd6e041474de846fcbcbbdb4
DA:3,1
LF:1
LH:1
end_of_record
TN:
SF:t.3786c413486fb51eec6edfebe2d7396332189c71db90d1b209d1b05771d69337
DA:6,1
DA:9,1
DA:11,1
DA:14,1
LF:4
LH:4
end_of_record
TN:
SF:t.389194987118e47357e4fcc59941d63ff23eac17499f51d6d8ed141262a6b7bc
DA:5,1
DA:8,1
DA:9,1
DA:13,1
DA:14,0
LF:5
LH:4
end_of_record
TN:
SF:t.38eed033cec88233aecc9b44dbf013ea1e37f8fbd3d55c516976c464891aaed7
DA:6,1
DA:9,1
DA:11,1
DA:14,1
LF:4
LH:4
end_of_record
TN:
SF:t.39cd8c765be72437ccf6efd0867e527f4a8deb3b0efeeb17f735a07514291249
DA:6,1
DA:9,1
DA:11,1
DA:14,1
LF:4
LH:4
end_of_record
TN:
SF:t.3ad75f65a8872d48a1abb38fc962e06cb951ee9134b1dcdf52b9522e37bb12c7
DA:6,1
DA:9,1
DA:11,1
DA:14,1
LF:4
LH:4
end_of_record
TN:
SF:t.3c54317a4c0ebe907d160291ee2f54449ec22c818b679bc294d92f2f159bd274
DA:5,1
DA:8,1
DA:9,1
DA:13,1
DA:14,0
LF:5
LH:4
end_of_record
TN:
SF:t.3cac741212b87995d1449dfb433a50b358200291ced957631e3b16185140935f
DA:3,1
LF:1
LH:1
end_of_record
TN:
SF:t.3e83a8c38caf3a85b3e3fb4405ee555955585947e1295a67810adeb6df1edd1b
DA:6,1
DA:9,1
DA:11,1
DA:14,1
LF:4
LH:4
end_of_record
TN:
SF:t.3f182223fa1c6bd70a81ca3ca383aa37db42d78aebeffa4834f0ce0d7423afc5
DA:6,1
DA:9,1
DA:11,1
DA:14,1
LF:4
LH:4
end_of_record
TN:
SF:t.41483d29c3c49983f4ffcdda3037306533037bdd5b67737ab98cbc039e86a7fe
DA:5,1
DA:8,1
DA:9,1
DA:13,1
DA:14,0
LF:5
LH:4
end_of_record
TN:
SF:t.437177bf286f4999e43d00b307f34d841821c1e9f0e272b7dd31ee2152d414ce
DA:5,1
DA:8,1
DA:9,1
DA:13,1
DA:14,0
LF:5
LH:4
end_of_record
TN:
SF:t.43e0b421957faf7014eb3e0fb10d948060336a7581905d5f23b20f09f4215b93
DA:5,1
LF:1
LH:1
end_of_record
TN:
SF:t.4423ac2ee21fe58bb4bfc2ca1e7fdc12cad495d3c258c1044daf9f33e9ddf02f
DA:6,1
DA:9,1
DA:11,1
DA:14,1
LF:4
LH:4
end_of_record
TN:
SF:t.4527debeeb5f488430a8039f632be72f6defd4cb1dd00a29c98fbb89065df57f
DA:6,1
DA:10,1
DA:12,1
LF:3
LH:3
end_of_record
TN:
SF:t.461f538b124d8c0bb6be5e2c7c867dc979f30acc12e962d2a8e4ba78afd615dc
DA:6,1
DA:9,1
DA:11,1
DA:14,1
LF:4
LH:4
end_of_record
TN:
SF:t.480f758f37c88157d77c6403ccc46d1d9384923df4ca25fc7c5172261c547e94
DA:6,1
DA:9,1
DA:11,1
DA:14,1
LF:4
LH:4
end_of_record
TN:
SF:t.4aa023db319b91aabafd9754363b5908c3e73c5c2ae7d51dd08f308fe5ef7c25
DA:6,1
DA:9,1
DA:11,1
DA:14,1
LF:4
LH:4
end_of_record
TN:
SF:t.4d7768bdd71d27a7cbe050823572ab247cccbf83cd92749c8b00a69db58a3817
DA:5,1
DA:8,1
DA:9,1
DA:13,1
DA:14,0
LF:5
LH:4
end_of_record
TN:
SF:t.500fba69750863cb586f943f31de8b4d6d325f1718249611c268be500646dc2c
DA:3,1
DA:4,1
LF:2
LH:2
end_of_record
TN:
SF:t.526a76f4dacae557ac4104b2ae80b3ddfbdc702d6d3e49af953b04e4efab2848
DA:5,1
DA:8,1
DA:9,1
DA:13,1
DA:14,0
LF:5
LH:4
end_of_record
TN:
SF:t.5363aab73952246df368f8eda6da291abe9132649216c27480e7e90b50e1d444
DA:3,1
LF:1
LH:1
end_of_record
TN:
SF:t.54e774885adf4377047ca59cc70083a2571e0ab786a16c69018d82c387407e86
DA:5,1
DA:8,1
DA:9,1
DA:13,1
DA:14,0
LF:5
LH:4
end_of_record
TN:
SF:t.5758a1309b1f95df3e6296dda601ab7ad0027e5086fdc99abdd9d31df9435258
DA:6,1
DA:9,1
DA:11,1
DA:14,1
LF:4
LH:4
end_of_record
TN:
SF:t.5764e4b7da774c857baafffdbe4cb851dd9a19adddcf52e9547604109433d13b
DA:6,1
DA:9,1
DA:11,1
DA:14,1
LF:4
LH:4
end_of_record
TN:
SF:t.58ed0d04eaca5663cd4854b5b14f21484c2cb05de1821bd326f42c3b62f0089f
DA:6,1
DA:9,1
DA:11,1
DA:14,1
LF:4
LH:4
end_of_record
TN:
SF:t.5eecfe7e5b7b2a652a7f64b95ff64ec75a1949068c248b3344b3ccf0b1460473
DA:12,1
DA:17,1
LF:2
LH:2
end_of_record
TN:
SF:t.6145aca258e810d1e970f1a5622a1c52ddee2fc0fa2f4a0e02bbbf414ff5976c
DA:6,1
DA:9,1
DA:11,1
DA:14,1
LF:4
LH:4
end_of_record
TN:
SF:t.61b078beefeff0cb9ae0257fb376859be282ab231fe32467ef14e89d14733893
DA:5,1
LF:1
LH:1
end_of_record
TN:
SF:t.628ed3190598ff6a1bc79bfb8ed1f5b6acd15b0e8a42f8a4b7f3c8e749f95723
DA:6,1
DA:9,1
DA:11,1
DA:14,1
LF:4
LH:4
end_of_record
TN:
SF:t.62f720785886975a771f63347cabdc77b8cf0ad46acb02f193e8141682e7ebf6
DA:6,1
DA:9,1
DA:11,1
DA:14,1
LF:4
LH:4
end_of_record
TN:
SF:t.62ffdc836f1ab2b47384a013627a28fc446eed6b95b1a7edc5a84b63e154ccb8
DA:7,1
DA:10,1
DA:13,1
DA:14,1
DA:15,1
DA:16,1
LF:6
LH:6
end_of_record
TN:
SF:t.646d5c9fbec28d5788ab2ef795a5d37c68624bf12075a57b266f61f9aa98fc5d
DA:5,1
DA:8,1
DA:9,1
DA:13,1
DA:14,0
LF:5
LH:4
end_of_record
TN:
SF:t.658ce36b454e07927ce199fbf52efbca35d9ca4b91d45b0d083d6ef7e1ebc663
DA:3,1
DA:4,1
LF:2
LH:2
end_of_record
TN:
SF:t.6a4b1aa51967e822a67378c59bd613d9fce345d939df1c36c13ce2a04cd39bfd
DA:4,1
DA:5,1
LF:2
LH:2
end_of_record
TN:
SF:t.6b0a63ec3f30f2dc30913e69df918e4e6c99a991c3e10fc28a216412d9ebfa26
DA:6,1
DA:9,1
DA:11,1
DA:14,1
LF:4
LH:4
end_of_record
TN:
SF:t.6b304c5e6df29b84a95e05a1892dd832851ea57710ef4324fc3ed566a8fd0da3
DA:5,1
DA:8,1
DA:9,1
DA:13,1
DA:14,0
LF:5
LH:4
end_of_record
TN:
SF:t.6d50cf56df57abe8d152b22daa97e2d9a25c0129dffcc08b6d3854d24cf34f76
DA:5,1
DA:8,1
DA:9,1
DA:13,1
DA:14,0
LF:5
LH:4
end_of_record
TN:
SF:t.6e1212cbace8588199856a49e964deb6c23ebafcee1972e1fedde2cfa18201a7
DA:3,1
LF:1
LH:1
end_of_record
TN:
SF:t.6f3502c7b5183e1f00ac0e19faf3e2301095f78f23dfabb4efd06fb94f02b9d0
DA:6,1
DA:9,1
DA:11,1
DA:14,1
LF:4
LH:4
end_of_record
TN:
SF:t.73ef81b5dd80e827729c19d1647ff6290b7858d60a1c7b6a1a52a58ea821a6e2
DA:12,1
DA:16,1
DA:17,0
DA:22,0
DA:26,0
DA:28,0
LF:6
LH:2
end_of_record
TN:
SF:t.757673471d08d957e019343fbf9e99108c281c59f946a15004b2019e2f4b5ff6
DA:3,1
LF:1
LH:1
end_of_record
TN:
SF:t.75e96c502907b578a41bf2db0a8f751a56375ffb30beb355b4e69f50e497578f
DA:6,1
DA:9,1
DA:11,1
DA:14,1
LF:4
LH:4
end_of_record
TN:
SF:t.7661810309787ea0646efd10d068defa74589ecfd921f6b30fb892b80a437183
DA:5,1
DA:8,1
DA:9,1
DA:13,1
DA:14,0
LF:5
LH:4
end_of_record
TN:
SF:t.766897941f152ac6da033c23ac089c35aaa22cc7a5cfbbe289b4e2dae1d6e6bf
DA:6,1
DA:9,1
DA:11,1
DA:14,1
LF:4
LH:4
end_of_record
TN:
SF:t.77150010acc2ec2bfe6f2d6d0d470cba21bc328693647204f3c983211fac71a2
DA:5,1
DA:8,1
DA:9,1
DA:13,1
DA:14,0
LF:5
LH:4
end_of_record
TN:
SF:t.778fff2eaa4b3f082d88871df82adb1112d4d2f01eb6cf37c261e10f40d71805
DA:5,1
DA:8,1
DA:9,1
DA:13,1
DA:14,0
LF:5
LH:4
end_of_record
TN:
SF:t.79d3ccf9b54a1638b5f6a0b91f1c8a650ab43d59a06327154afde793ce162f96
DA:6,1
DA:9,1
DA:11,1
DA:14,1
LF:4
LH:4
end_of_record
TN:
SF:t.7a051329c21bdda57198cb73dccff00eb67671061aaa956ff747286d21d40909
DA:6,1
DA:9,1
DA:11,1
DA:14,1
LF:4
LH:4
end_of_record
TN:
SF:t.7c1f59633097637cd4a1b74edfde55ca516ea183c1f1297e4eaf08cd6545f4a0
DA:3,1
LF:1
LH:1
end_of_record
TN:
SF:t.7f274c39c961d3adee70537f623d766d937854c5f949e850d2c34db0a0b87e2c
DA:3,1
LF:1
LH:1
end_of_record
TN:
SF:t.7f6575d84fa9875b29e738f30e4df8dcd72908a079342acc36955b70060c6fe1
DA:6,1
DA:9,1
DA:11,1
DA:14,1
LF:4
LH:4
end_of_record
TN:
SF:t.80788615c8f33ab96c3a6eb4cf9f4000aa88aaf9d9d20085f3fc9cb7a90b4ba1
DA:5,1
DA:8,1
DA:9,1
DA:13,1
DA:14,0
LF:5
LH:4
end_of_record
TN:
SF:t.80e6fbd0498100d4e0b6d66ac5a36ab63452567da1461f084c3da65916bbedc4
DA:17,1
DA:18,1
DA:19,1
DA:20,0
DA:21,0
DA:24,1
LF:6
LH:4
end_of_record
TN:
SF:t.816d963b51fe9540a3d16d1b427e967fa23fb409adcbc434f81ae101f3f42769
DA:6,1
DA:9,1
DA:11,1
DA:14,1
LF:4
LH:4
end_of_record
TN:
SF:t.83c87fcc6aa033cfe250ee9fee64b192a56dbb48676164a8278a8597d80cea1b
DA:5,1
DA:8,1
DA:9,1
DA:13,1
DA:14,0
LF:5
LH:4
end_of_record
TN:
SF:t.87b085a7df096c5ba9d357667bf98f2a1fd88d0cb8b0e53bd020074e05401d2d
DA:12,1
DA:16,1
DA:17,0
DA:22,0
DA:26,0
DA:28,0
LF:6
LH:2
end_of_record
TN:
SF:t.88bf200adcda7403d25d26339746a10a6e9d0a340835a1a4cf06397a3651c3b8
DA:6,1
DA:9,1
DA:11,1
DA:14,1
LF:4
LH:4
end_of_record
TN:
SF:t.8978f6e2be62e2b37af5f9dc76070017f1523d1e28898d6bd80efbece09aa7d1
DA:17,1
DA:20,1
DA:24,1
DA:25,4
DA:27,4
DA:28,4
DA:29,3
DA:32,4
DA:35,4
LF:9
LH:9
end_of_record
TN:
SF:t.8a8aa48018bccb2358faaef5bb9b7d0e738ec494f6a763ccfb16750ba99d29b4
DA:6,1
DA:9,1
DA:11,1
DA:14,1
LF:4
LH:4
end_of_record
TN:
SF:t.8a900ed75b0078daeb765d67d6ed967670e907909f586ad85d51b4c04710fb15
DA:6,1
DA:9,1
DA:11,1
DA:14,1
LF:4
LH:4
end_of_record
TN:
SF:t.8abe5d27991f4842772cf2f6b7fac5b99214f66fbdae205a072ed41dcba6c5e1
DA:5,1
LF:1
LH:1
end_of_record
TN:
SF:t.8cd664cbc334b2520780d85fe469690bcdaaf3b384ae74d06ff87fe2d556da31
DA:5,1
DA:8,1
DA:9,1
DA:13,1
DA:14,0
LF:5
LH:4
end_of_record
TN:
SF:t.8e2562b3f935b75ee1870b149274c76e9e1bdac92bbd88b7206941d2b292c1ed
DA:6,1
DA:9,1
DA:11,1
DA:14,1
LF:4
LH:4
end_of_record
TN:
SF:t.8ead5974e5f3844111224f58e04bce63d98be3a35b2cb26f74b175ae24115a6f
DA:5,1
DA:8,1
DA:9,1
DA:13,1
DA:14,0
LF:5
LH:4
end_of_record
TN:
SF:t.8ecd0baef1884e3ef8b7cc800a5d2e76d1b8ba3d73bc0c2c0bf2c74b0a55573c
DA:10,1
DA:14,1
DA:20,1
DA:21,1
DA:23,1
DA:25,1
LF:6
LH:6
end_of_record
TN:
SF:t.8fa3b3c8f2c125abcc40c9c76c454229466ccb6ea26e1eef0c6a4046893f78ad
DA:6,1
DA:9,1
DA:11,1
DA:14,1
LF:4
LH:4
end_of_record
TN:
SF:t.9035c0638eda038f231aede3fe1e60fde4464d714a54c314217a75dfe18b17ba
DA:3,1
LF:1
LH:1
end_of_record
TN:
SF:t.9509ba46465d8d02da8b41c9519d178423595df3a133980cfbadb9e041a6dddc
DA:6,1
DA:9,1
DA:11,1
DA:14,1
LF:4
LH:4
end_of_record
TN:
SF:t.9733d16a2720f1456ddc3259147d1149754dce1c1f5ae8eacd14c273deb54740
DA:6,1
DA:9,1
LF:2
LH:2
end_of_record
TN:
SF:t.97efa1d8d12c3820b3b6b3c53bbbe641419057399fe8a6c7b5bdb6ec87b771d0
DA:3,1
DA:4,1
LF:2
LH:2
end_of_record
TN:
SF:t.9989dd4dd8db5a9c896cb8fae2a30df3ea0aff8b8dca4294e5bcaf484bfb1a53
DA:3,1
DA:4,1
LF:2
LH:2
end_of_record
TN:
SF:t.9ad17f0ac01c7aed8a28e2fe3c5cc1f8230f057211264139946198bf369ac2b9
DA:6,1
DA:9,1
DA:11,1
DA:14,1
LF:4
LH:4
end_of_record
TN:
SF:t.9cef5c10eea1c4213495f961752ee7b0ae824293cf458f9b2f02214bfc5cddf2
DA:6,1
DA:9,1
DA:11,1
DA:14,1
LF:4
LH:4
end_of_record
TN:
SF:t.9d524918b5685b1753f5e210ee3a9b85e503c6e1c0a452e55fa7d3b4e2758832
DA:5,1
DA:8,1
DA:9,1
DA:13,1
DA:14,0
LF:5
LH:4
end_of_record
TN:
SF:t.a5181b33e7fd262dbfb1feffcc87ca02151a9bc99c23cb17cda03a91e852b50c
DA:6,1
DA:9,1
DA:11,1
DA:14,1
LF:4
LH:4
end_of_record
TN:
SF:t.ab972450f1df9a22e9434eb68f5618c111ce12503b6c1d02493302c928e96237
DA:5,1
LF:1
LH:1
end_of_record
TN:
SF:t.ac4216df139fbc71adfa205393004f1233140df20836680341ad4381e6beb6b3
DA:6,1
DA:9,1
DA:11,1
DA:14,1
LF:4
LH:4
end_of_record
TN:
SF:t.adcbd1b81bb355cfa21c505f3bbf55ea32c6a29565d8a1ad6acc6c619c70442e
DA:6,1
DA:9,1
DA:11,1
DA:14,1
LF:4
LH:4
end_of_record
TN:
SF:t.ae577e37c09bc61c21c8dd3f2f22665cb71f5ca8071e32bcde5dc818126a0191
DA:6,1
DA:9,1
DA:11,1
DA:14,1
LF:4
LH:4
end_of_record
TN:
SF:t.b1a076767b73e6197271c2ed5a887ae478d7f1928df1d6314d3b666bcd979416
DA:3,1
LF:1
LH:1
end_of_record
TN:
SF:t.b424969ff26d22aae0311f3fbbfffde64a84d40b04111c3dfc6fab0389b796eb
DA:5,1
LF:1
LH:1
end_of_record
TN:
SF:t.b730e5e6641428cf607019fe14224cb67a643e301573de4ff835b179ede625f3
DA:6,1
DA:9,1
DA:11,1
DA:14,1
LF:4
LH:4
end_of_record
TN:
SF:t.b83d19b6a45571c641b1f8523d6bc5bc08ef6ad0f1f71f89ec3471463e7344e9
DA:6,1
DA:9,1
DA:11,1
DA:14,1
LF:4
LH:4
end_of_record
TN:
SF:t.b980265801476c5d79a9151551c3bf88f5567271a8b68fd83af33b641088c65a
DA:6,1
DA:9,1
DA:11,1
DA:14,1
LF:4
LH:4
end_of_record
TN:
SF:t.ba227b69e6d39c13f86e69c0e6cef93eff369b8b210909d77f6f3f325366652b
DA:6,1
DA:9,1
DA:11,1
DA:14,1
LF:4
LH:4
end_of_record
TN:
SF:t.bc4f979b63c4d64efa80658b77b61baf2d3e26e451ee27998eb8f07b984817dd
DA:6,1
DA:9,1
DA:11,1
DA:14,1
LF:4
LH:4
end_of_record
TN:
SF:t.beaf0349a7b312947ba57d39f7fbaceef8e5511062ce1c372898c6a6572ee8cc
DA:6,1
DA:9,1
DA:11,1
DA:14,1
LF:4
LH:4
end_of_record
TN:
SF:t.becf461c6db2516bf2b7f8afaa9feb93149064545daf32e8b8d426971be8eedb
DA:3,1
LF:1
LH:1
end_of_record
TN:
SF:t.bfade0aa8bc7ccd3cee8d6ed45bb6477d03763f4ee2e4aa889f3d383a5a94da4
DA:5,1
DA:8,1
DA:9,1
DA:13,1
DA:14,0
LF:5
LH:4
end_of_record
TN:
SF:t.c1762d9b1e44478072c066bc5b6423fe667da07eb55308a9096678527f3cdfb6
DA:5,1
DA:8,1
DA:9,1
DA:13,1
DA:14,0
LF:5
LH:4
end_of_record
TN:
SF:t.c2aab47be0be609c17361547e6ed56c1b257a900b482d1ca9ded8916aeea60f1
DA:6,1
DA:9,1
DA:11,1
DA:14,1
LF:4
LH:4
end_of_record
TN:
SF:t.c2f7c9dabbd2c495c8ff14d9539a44a359fc563130f56bb89e051949747b59e3
DA:6,1
DA:9,1
DA:11,1
DA:14,1
LF:4
LH:4
end_of_record
TN:
SF:t.c369e421ae65226de42ecd010c925060b657e1014551f65704bbea491730e537
DA:6,1
DA:9,1
DA:11,1
DA:14,1
LF:4
LH:4
end_of_record
TN:
SF:t.c50d7f3aa435d0ee806a21f36810eee1857c72dad066c0e21245c1e73f6632ac
DA:5,1
DA:8,1
DA:9,1
DA:13,1
DA:14,0
LF:5
LH:4
end_of_record
TN:
SF:t.c87aff27e44c11ab271f91a28822e28105370e1752730b26620b72b1df9c7466
DA:3,1
LF:1
LH:1
end_of_record
TN:
SF:t.c96ad648a0fc31e509b384ccc5e8e44dd39cb02350ec393ddd375bfba203c20d
DA:3,1
LF:1
LH:1
end_of_record
TN:
SF:t.c9ab0d78223a093d614dbd29e3dacdc1f0b05f1b6085fb4aaf4fb225df498131
DA:3,1
LF:1
LH:1
end_of_record
TN:
SF:t.ce960d8c2a9a0fbd8675cc2cbffa540a6d99705b5691de6035e937609dd6a11b
DA:6,1
DA:9,1
DA:11,1
DA:14,1
LF:4
LH:4
end_of_record
TN:
SF:t.d3637d2923e829a7924ab4715b288c2a5758b4bd5eee4334195503ac2c9a2212
DA:5,1
DA:8,1
DA:9,1
DA:13,1
DA:14,0
LF:5
LH:4
end_of_record
TN:
SF:t.d697de8e0352b5c329040a36ed4de7f61eb7f820c6cf0de1260d7ed8366edd2b
DA:6,1
DA:9,1
DA:11,1
DA:14,1
LF:4
LH:4
end_of_record
TN:
SF:t.d6b2695a1916da6d02e6e860df5d6701b065dcb4733ce21c38404722a3852e17
DA:5,1
DA:8,1
DA:9,1
DA:13,1
DA:14,0
LF:5
LH:4
end_of_record
TN:
SF:t.d7502b62a1b9b26cbbd345c2f69a42d41b46fd2afe2e3becc65a7fa47a801ff7
DA:6,1
DA:9,1
DA:11,1
DA:14,1
LF:4
LH:4
end_of_record
TN:
SF:t.d87c8fbabe421b9a5d5234f5c2fc6d7f3c6220650fd006e31a439b9c4eb8c436
DA:6,1
DA:9,1
DA:11,1
DA:14,1
LF:4
LH:4
end_of_record
TN:
SF:t.e31ca4491bb05946228f63a6aa97f49097be7f0d2c9764ca76a949709b2fce55
DA:3,1
LF:1
LH:1
end_of_record
TN:
SF:t.e5de02bc1a150cb2056c075929d6154c9d16022c23a1fb75158f08ef6d213112
DA:6,1
DA:9,1
DA:11,1
DA:14,1
LF:4
LH:4
end_of_record
TN:
SF:t.e630a3b14111325d60c7785dd73ca6e2c275abc44fc003f94cd5e5e628b4853c
DA:6,1
DA:9,1
DA:11,1
DA:14,1
LF:4
LH:4
end_of_record
TN:
SF:t.e98d2074c32aece6d50e693eccd418b7f93dfdfad349382f7b62f8e9bcb49f9a
DA:3,1
LF:1
LH:1
end_of_record
TN:
SF:t.eb8c7a558706d1938a572737bdecc66e7c047d6a58226e4b5dc3eb3ad7317b6b
DA:4,1
LF:1
LH:1
end_of_record
TN:
SF:t.ec5aea9e0478b96649ea4131b5700f555520a6ade0f6be5222659723213d7a7f
DA:3,1
LF:1
LH:1
end_of_record
TN:
SF:t.f0d82bf69a6d4a213a6e36c5ca14883ae3ee89cc060f55b2c390db117a1614ea
DA:5,1
DA:8,1
DA:9,1
DA:13,1
DA:14,0
LF:5
LH:4
end_of_record
TN:
SF:t.f26f378b34b07cec23d8450239d431a7a5d5151eb8603854265e711fe8294482
DA:6,1
DA:9,1
DA:11,1
DA:14,1
LF:4
LH:4
end_of_record
TN:
SF:t.f27a3980a7b4ad21b7e35d99189347451fa67850a24378ad9a55983a08f24266
DA:6,1
DA:9,1
DA:11,1
DA:14,1
LF:4
LH:4
end_of_record
TN:
SF:t.f3b6406fc45af1098682c1e0277fc54ee7c8b526784cb8756e8087dfe35fbb02
DA:5,1
DA:8,1
DA:9,1
DA:13,1
DA:14,0
LF:5
LH:4
end_of_record
TN:
SF:t.f3d4cfa14b68850f1b1ee098704c441001661d5df968ae43be1f6418d2199d3b
DA:12,1
DA:16,1
DA:17,0
DA:22,0
DA:26,0
DA:28,0
LF:6
LH:2
end_of_record
TN:
SF:t.f4a5edbfc01cf91470877d9b6f2ff7f6a260a02c3345dd28bbdcf6628239da39
DA:6,1
DA:9,1
DA:11,1
DA:14,1
LF:4
LH:4
end_of_record
TN:
SF:t.f57ebfe8740675076fa5eac0d43f3fc27985f739d07ae9b41b7639ef937e71d9
DA:6,1
DA:9,1
DA:11,1
DA:14,1
LF:4
LH:4
end_of_record
TN:
SF:t.f661c48ad32adeb423f89b6a8d369919fc2a9390cfc0346d3bd4bf49104a950e
DA:6,1
DA:9,1
DA:11,1
DA:14,1
LF:4
LH:4
end_of_record
TN:
SF:t.f6ef2cb53e7a7c48bc61c163b696a2fd8ce50e963e0caebaed86fd8147f6c435
DA:6,1
DA:9,1
DA:11,1
DA:14,1
LF:4
LH:4
end_of_record
TN:
SF:t.fa14c7a2cf55a93bc8ca02873e202664167feeb9f6cf5ace07c852876699ad69
DA:6,1
DA:9,1
DA:11,1
DA:14,1
LF:4
LH:4
end_of_record
TN:
SF:t.fdf05593dda991580f2f6a45d8d51cc35de8f848d023ad2743dccbaca07a49ca
DA:3,1
LF:1
LH:1
end_of_record
TN:
SF:t.fe15ecc3882bcee8393ba98f39170595a74fa1b2bb6809c5e5739e6c56f76b42
DA:3,1
LF:1
LH:1
end_of_record
