TN:
SF:cadence/contracts/MinorityRuleGame.cdc
DA:45,0
DA:46,0
DA:47,0
DA:48,0
DA:49,0
DA:53,0
DA:57,0
DA:58,0
DA:71,0
DA:72,0
DA:73,0
DA:74,0
DA:75,0
DA:76,0
DA:90,0
DA:91,0
DA:92,0
DA:93,0
DA:94,0
DA:95,0
DA:96,0
DA:100,0
DA:101,0
DA:102,0
DA:103,0
DA:105,0
DA:106,0
DA:107,0
DA:140,5
DA:141,5
DA:143,5
DA:144,5
DA:145,5
DA:146,5
DA:147,5
DA:148,5
DA:150,5
DA:151,5
DA:152,5
DA:153,5
DA:154,5
DA:155,5
DA:156,5
DA:157,5
DA:165,0
DA:166,0
DA:167,0
DA:168,0
DA:171,0
DA:172,0
DA:174,0
DA:181,0
DA:182,0
DA:185,0
DA:186,0
DA:188,0
DA:192,0
DA:193,0
DA:194,0
DA:195,0
DA:196,0
DA:199,0
DA:200,0
DA:201,0
DA:205,0
DA:212,0
DA:213,0
DA:214,0
DA:215,0
DA:216,0
DA:219,0
DA:220,0
DA:221,0
DA:223,0
DA:230,0
DA:231,0
DA:234,0
DA:237,0
DA:238,0
DA:239,0
DA:241,0
DA:242,0
DA:243,0
DA:244,0
DA:245,0
DA:246,0
DA:248,0
DA:255,0
DA:256,0
DA:259,0
DA:260,0
DA:262,0
DA:263,0
DA:266,0
DA:268,0
DA:269,0
DA:271,0
DA:272,0
DA:273,0
DA:283,0
DA:284,0
DA:285,0
DA:296,0
DA:303,0
DA:305,0
DA:312,0
DA:320,0
DA:321,0
DA:323,0
DA:328,0
DA:331,0
DA:332,0
DA:333,0
DA:335,0
DA:336,0
DA:339,0
DA:348,0
DA:359,0
DA:360,0
DA:361,0
DA:362,0
DA:365,0
DA:366,0
DA:367,0
DA:373,1
DA:374,1
DA:375,0
DA:376,0
DA:379,1
DA:383,0
DA:384,0
DA:385,0
DA:387,0
DA:391,0
DA:395,0
DA:409,5
DA:417,5
DA:418,5
DA:420,5
DA:427,5
DA:431,3
DA:435,1
DA:439,1
DA:445,2
DA:446,2
DA:447,2
LF:146
LH:30
end_of_record
TN:
SF:s.30ca026b2279bc7c4e4e9693a457ccccf075ba1cab39d2a4fa08dc95bf15f28a
DA:2,1
LF:1
LH:1
end_of_record
TN:
SF:s.33ff262f1128a1b3c096448e83b96e21ca4ea2e12a0be91b9e05bbcb4ff6c0ab
DA:2,2
LF:1
LH:1
end_of_record
TN:
SF:s.5a699aef746866d2b4bffd9515e054fcd7ee2122a65c83e20aa55006d34b71bb
DA:2,2
LF:1
LH:1
end_of_record
TN:
SF:s.63f83daad9a3f5be66d21aa89557226ae043ec80abf10aa3a4264e670d071b10
DA:2,1
LF:1
LH:1
end_of_record
TN:
SF:s.6c74d1a932a2b3d5427cf073191b606c4dde768a106f25ac7ada135778ea2d01
DA:2,1
LF:1
LH:1
end_of_record
TN:
SF:s.ccc0d074db3c03cb617927364a968504238cb0374360210727f076f8dede678f
DA:2,2
LF:1
LH:1
end_of_record
TN:
SF:t.03355fe9decdae1e7877b5835822c15fdec250c092a1d0304d5cba0549790acc
DA:6,1
DA:9,1
DA:11,1
DA:14,1
LF:4
LH:4
end_of_record
TN:
SF:t.0365bb81b935e332ce9f6666b30cd86404a50ae4bc546dd402d87d43ece4e9c1
DA:6,1
DA:9,1
DA:11,1
DA:14,1
LF:4
LH:4
end_of_record
TN:
SF:t.042435d789ec416dbee42a05f83048a3409be3057809b802a9cae72ed578107a
DA:6,1
DA:9,1
DA:11,1
DA:14,1
LF:4
LH:4
end_of_record
TN:
SF:t.071cde9e577b3dcd51a9bf5b1822b646ea2284459b34760dfcd7ffd77766ce95
DA:6,1
DA:9,1
DA:11,1
DA:14,1
LF:4
LH:4
end_of_record
TN:
SF:t.073326eff0d41235c42c5ea93c6a10f9d5449ee43e4aff972eb267ffde7fa25f
DA:6,1
DA:9,1
DA:11,1
DA:14,1
LF:4
LH:4
end_of_record
TN:
SF:t.08d4d1b786e9a787560e1c470a75da63e142f2a6cd1b8084953274b53c4b6153
DA:6,1
DA:9,1
DA:11,1
DA:14,1
LF:4
LH:4
end_of_record
TN:
SF:t.0945552a9f9369fe37928540b47ca8e53d5512e92b1ffaba2705411183856ad0
DA:6,1
DA:9,1
DA:11,1
DA:14,1
LF:4
LH:4
end_of_record
TN:
SF:t.09da810a77c14c7103e51c4ad3923570535ff2e5cce4a54c39debbfe6f4e72b7
DA:3,1
LF:1
LH:1
end_of_record
TN:
SF:t.0c9a6b6ae2ae23961f9f8e85cba0a61493baba098eb375ae1e36c041421e54c5
DA:6,1
DA:9,1
DA:11,1
DA:14,1
LF:4
LH:4
end_of_record
TN:
SF:t.0eb9a4bb2219a35b29a5b0002714fd30c728873bba6cdd603a599bc9be531387
DA:5,1
DA:8,1
DA:9,1
DA:13,1
DA:14,0
LF:5
LH:4
end_of_record
TN:
SF:t.0fa6ca278f3a6aab8c957339fcc0890d6549c1ac2c9f8410bd1afd77d3c2206a
DA:6,1
DA:9,1
DA:11,1
DA:14,1
LF:4
LH:4
end_of_record
TN:
SF:t.11484645a37e0666636d8aaa1b1e4dbfc079fd1618aa4b10713769f35285f205
DA:5,1
DA:8,1
DA:9,1
DA:13,1
DA:14,0
LF:5
LH:4
end_of_record
TN:
SF:t.13758326b63dad1798fca28c7d364419383ec2908ce83b0349648c1d53b7866b
DA:14,2
DA:18,2
DA:20,2
DA:22,2
DA:23,2
DA:26,2
DA:30,2
LF:7
LH:7
end_of_record
TN:
SF:t.140b909e445badcb54e195eb815223add81207d8d1f983bbfa112b5d64ae7e49
DA:6,1
DA:9,1
DA:11,1
DA:14,1
LF:4
LH:4
end_of_record
TN:
SF:t.16664cfff2b0116fc88ec8fb45ccf0839c63d7a58f5288505a474b4ab7d479be
DA:5,1
DA:8,1
DA:9,1
DA:13,1
DA:14,0
LF:5
LH:4
end_of_record
TN:
SF:t.16c4277a3b04e03ae32881336606695275b84ec35375515cd4102a2ed8ba660e
DA:3,2
DA:4,2
LF:2
LH:2
end_of_record
TN:
SF:t.17614aaacd9ca87168e6831957cff3a1e4d4833516154c518c4aa5a4a31aabe7
DA:3,1
LF:1
LH:1
end_of_record
TN:
SF:t.189960355ff27609033c057ac0737ab1176164745351335b2e95943ce1187470
DA:5,1
DA:8,1
DA:9,1
DA:13,1
DA:14,0
LF:5
LH:4
end_of_record
TN:
SF:t.1940f5d258911cf4791159f7e793f0434bd38c6572dcfdecca1bec0c4978d79c
DA:6,1
DA:9,1
DA:11,1
DA:14,1
LF:4
LH:4
end_of_record
TN:
SF:t.198e1e838f1294afc9afaeecc7a460bd5b37b627788d51552386fbe9b9df7ed2
DA:6,1
DA:9,1
DA:11,1
DA:14,1
LF:4
LH:4
end_of_record
TN:
SF:t.1fbe3836dcd1152b8ada24fa14132bff2e7e727f336fe25c3fe23ab6ea93fcaa
DA:6,1
DA:9,1
DA:11,1
DA:14,1
LF:4
LH:4
end_of_record
TN:
SF:t.2220e49f6d5f70651240825707e01f5055b7626d0e3abef5203517c30a49e1ea
DA:6,1
DA:9,1
DA:11,1
DA:14,1
LF:4
LH:4
end_of_record
TN:
SF:t.22c26887aca2726d1830a88e60397b00116d8c7869c901b194d465e7871b961b
DA:5,1
DA:8,1
DA:9,1
DA:13,1
DA:14,0
LF:5
LH:4
end_of_record
TN:
SF:t.22f8227cf03ddfd21d48196968b121fd3f71b30fde16ba9c2af24b70d897409a
DA:6,1
DA:9,1
DA:11,1
DA:14,1
LF:4
LH:4
end_of_record
TN:
SF:t.23676970e552b9ba9e9557b637d9883f7e37ef362567c413d37972c690d050fd
DA:3,2
LF:1
LH:1
end_of_record
TN:
SF:t.271be1045fafeb5785ec1169da364f9dc5739640c19e926878c3933611148744
DA:6,1
DA:9,1
DA:11,1
DA:14,1
LF:4
LH:4
end_of_record
TN:
SF:t.2771614c05acf1372e584874c090c596c29d31b4bd26ce53bc51c53fb42398f9
DA:5,1
DA:8,1
DA:9,1
DA:13,1
DA:14,0
LF:5
LH:4
end_of_record
TN:
SF:t.27bc95dab3f1e3bc47881ea6c94e6934bb79ea014c0892dcf9d6eddedcd4e135
DA:5,1
DA:8,1
DA:9,1
DA:13,1
DA:14,0
LF:5
LH:4
end_of_record
TN:
SF:t.2a6bd6862d9c2d05b62c5a5e708baed33866c559b9ead55cadb5ea544929b2d7
DA:5,1
DA:8,1
DA:9,1
DA:13,1
DA:14,0
LF:5
LH:4
end_of_record
TN:
SF:t.2b8a96098bb3b623540faf8e732d4ef6193e596070e167b684f020be00f97e5c
DA:5,1
DA:8,1
DA:9,1
DA:13,1
DA:14,0
LF:5
LH:4
end_of_record
TN:
SF:t.2bf6a903268c46a5abb189294e6c9e0fa160b0bf74520251818062437878a2fe
DA:3,2
LF:1
LH:1
end_of_record
TN:
SF:t.2d6af799896d666bc25acaa06481d319811c53739f87077853726dda0d7c77cf
DA:6,1
DA:9,1
DA:11,1
DA:14,1
LF:4
LH:4
end_of_record
TN:
SF:t.2ed8386c2f5030e92420a92b25c609f6c28e5d7f70b69d847adc0259b688d968
DA:6,1
DA:9,1
DA:11,1
DA:14,1
LF:4
LH:4
end_of_record
TN:
SF:t.2f62aa1a4f3cc4098faf56757ddd21b3655d5999a52bf654aa6060c09de0ffa5
DA:3,1
LF:1
LH:1
end_of_record
TN:
SF:t.2fcc17cb4a9c5ef76639711074a830f88cd4d2b7b31cbe67e760e6403bfbc411
DA:3,2
LF:1
LH:1
end_of_record
TN:
SF:t.2ff705d437bb304ad4a017bae5c14195d0ed2689198ce3871ce7af30670e8842
DA:3,2
LF:1
LH:1
end_of_record
TN:
SF:t.31262131ae61a320b4cfc16e3512931ce34d8340a2a6f90344809d736be12444
DA:6,1
DA:9,1
DA:11,1
DA:14,1
LF:4
LH:4
end_of_record
TN:
SF:t.3318cb53a62cdd9e2437e939fdf3f03dedad862acd6e041474de846fcbcbbdb4
DA:3,2
LF:1
LH:1
end_of_record
TN:
SF:t.34e2275950a5cae5359581d5d9e0b91750fcdd3e450bf953bbfd8873cae9f169
DA:6,1
DA:9,1
DA:11,1
DA:14,1
LF:4
LH:4
end_of_record
TN:
SF:t.354d181683a0aad04d0f016aeaf47a90b9a7853402cb011ee7031b7a753e60ba
DA:6,1
DA:9,1
DA:11,1
DA:14,1
LF:4
LH:4
end_of_record
TN:
SF:t.39dc8f9140cc60c57d17c2d79d96819419dfca76985220a3cf507505a1d06779
DA:3,1
LF:1
LH:1
end_of_record
TN:
SF:t.3cac741212b87995d1449dfb433a50b358200291ced957631e3b16185140935f
DA:3,2
LF:1
LH:1
end_of_record
TN:
SF:t.3d4155456c3375e3104d9ef11ec04e111ae83ae7d1bdcb714a620ddfe1517380
DA:6,1
DA:9,1
DA:11,1
DA:14,1
LF:4
LH:4
end_of_record
TN:
SF:t.40857140bba335a6e347303331ce4fd509383e9d4cb7e99238d1b9700cd30f8c
DA:5,1
DA:8,1
DA:9,1
DA:13,1
DA:14,0
LF:5
LH:4
end_of_record
TN:
SF:t.41b1e01fe64a45d57f01b63d88f3c5591660e5a0001b2c7a2fd8e33b73d32d9e
DA:6,1
DA:9,1
DA:11,1
DA:14,1
LF:4
LH:4
end_of_record
TN:
SF:t.4356e7ac53c1ae2d1f2a3b7b6465cc64f7e178c00adda9f543a25c68b3e8eacc
DA:6,1
DA:9,1
DA:11,1
DA:14,1
LF:4
LH:4
end_of_record
TN:
SF:t.442a1b5bde451dcf833fca2c274b00c1d63bd45d4d113553e74a7998b6b8040f
DA:6,1
DA:9,1
DA:11,1
DA:14,1
LF:4
LH:4
end_of_record
TN:
SF:t.4527debeeb5f488430a8039f632be72f6defd4cb1dd00a29c98fbb89065df57f
DA:6,2
DA:10,2
DA:12,2
LF:3
LH:3
end_of_record
TN:
SF:t.4619f76fde5f0d25481cfbabbf13137fd0080b7590c6e9e3838ef4a7c40d2871
DA:5,1
DA:8,1
DA:9,1
DA:13,1
DA:14,0
LF:5
LH:4
end_of_record
TN:
SF:t.463264ff88e66bbdf51e5e70f8630ed086a5e363f97e34d15f5a4e6ecde45099
DA:6,1
DA:9,1
DA:11,1
DA:14,1
LF:4
LH:4
end_of_record
TN:
SF:t.49552155d63c1da6bd65448315f4a34e17a947e51a76e209801bdde4be5ba39c
DA:5,1
DA:8,1
DA:9,1
DA:13,1
DA:14,0
LF:5
LH:4
end_of_record
TN:
SF:t.4a381db143f37c434d4b7f5ae2e81c841df1442fe894470ff951223db3a28e5e
DA:6,1
DA:9,1
DA:11,1
DA:14,1
LF:4
LH:4
end_of_record
TN:
SF:t.4acd9daa01368bf41b76dfcd9d84aea47be8a48b8ce2a8435040e35db6d3e15c
DA:6,1
DA:9,1
DA:11,1
DA:14,1
LF:4
LH:4
end_of_record
TN:
SF:t.4c2f3495cb541f68be93d09907a0f88a900c51eee69d71e33e2084ae1bfe0929
DA:6,1
DA:9,1
DA:11,1
DA:14,1
LF:4
LH:4
end_of_record
TN:
SF:t.4e1676cd908a197fe16c61eefe247afca2bd4a6f57cd545dcc038cf7abd19f20
DA:6,1
DA:9,1
DA:11,1
DA:14,1
LF:4
LH:4
end_of_record
TN:
SF:t.505466f5cdcf9ccb371f6d89b16608688e3f9b0476daa3b54497f3af2defe003
DA:6,1
DA:9,1
DA:11,1
DA:14,1
LF:4
LH:4
end_of_record
TN:
SF:t.50fb71127ec87beda7afa2e6bab861fb2fd9e53a6a69c1b68c65a0615c6a6460
DA:5,1
DA:8,1
DA:9,1
DA:13,1
DA:14,0
LF:5
LH:4
end_of_record
TN:
SF:t.52227ab0872489f97f4928824dda4c26906a1e6b50002506b67b476b2179caee
DA:6,1
DA:9,1
DA:11,1
DA:14,1
LF:4
LH:4
end_of_record
TN:
SF:t.52d45709bf707c825157cc8e4f8e2dd2403c237c068732ff282803a9486696dc
DA:6,1
DA:9,1
DA:11,1
DA:14,1
LF:4
LH:4
end_of_record
TN:
SF:t.530664a3ab5aa818a5cf880ad8da6b713171dba2f4d57a62cccc6949cd818122
DA:3,1
LF:1
LH:1
end_of_record
TN:
SF:t.534b33b090524bb150c50bc3ae51b89fdd58b1a2b6cdb3279271fe53368a9971
DA:6,1
DA:9,1
DA:11,1
DA:14,1
LF:4
LH:4
end_of_record
TN:
SF:t.5363aab73952246df368f8eda6da291abe9132649216c27480e7e90b50e1d444
DA:3,2
LF:1
LH:1
end_of_record
TN:
SF:t.55342c302c50826ca36bf3bb1af5f0cb906f0f5642718db41fb030c7729be5cf
DA:6,1
DA:9,1
DA:11,1
DA:14,1
LF:4
LH:4
end_of_record
TN:
SF:t.56e41ec43d836fb82cb444101928e2e7d1b5c6f72b7f241233346e631b563749
DA:6,1
DA:9,1
DA:11,1
DA:14,1
LF:4
LH:4
end_of_record
TN:
SF:t.57c47800a1973ebc0f66d7037b0188182f81af46e038b0c1c4bdb2f2de77df5d
DA:5,1
DA:8,1
DA:9,1
DA:13,1
DA:14,0
LF:5
LH:4
end_of_record
TN:
SF:t.5897804db9b4b831aff60bdd142234af94206b494a10b24f5f9bf93e68955bb1
DA:6,1
DA:9,1
DA:11,1
DA:14,1
LF:4
LH:4
end_of_record
TN:
SF:t.59bc3801ca1535252d71726fac6f0ff4da900544e6604c65429ca92558b732b7
DA:5,1
DA:8,1
DA:9,1
DA:13,1
DA:14,0
LF:5
LH:4
end_of_record
TN:
SF:t.59cdb4968e5254b8fb364836bc526772de9e25b2f65891439e76272259ed93f7
DA:6,1
DA:9,1
DA:11,1
DA:14,1
LF:4
LH:4
end_of_record
TN:
SF:t.5b8f7806510a50ffdeaaa1c4cdad337281c6954e837c147c0fc3d8b638748c29
DA:5,1
DA:8,1
DA:9,1
DA:13,1
DA:14,0
LF:5
LH:4
end_of_record
TN:
SF:t.5d3845cb2f8a4ce8e2f5f0466ddb2105f9e9215ba7de5407032ab6019d1dded7
DA:5,1
DA:8,1
DA:9,1
DA:13,1
DA:14,0
LF:5
LH:4
end_of_record
TN:
SF:t.5dcd8b40be84d8aa82f061e35e4489b58e229068358f5da37ffb411252fbd83b
DA:5,1
DA:8,1
DA:9,1
DA:13,1
DA:14,0
LF:5
LH:4
end_of_record
TN:
SF:t.5eecfe7e5b7b2a652a7f64b95ff64ec75a1949068c248b3344b3ccf0b1460473
DA:12,2
DA:17,2
LF:2
LH:2
end_of_record
TN:
SF:t.5f7bf1a9fcebf22fc7a86155b3c59c4daff17300004ad6af4cfa8a89899d1692
DA:6,1
DA:9,1
DA:11,1
DA:14,1
LF:4
LH:4
end_of_record
TN:
SF:t.62ffdc836f1ab2b47384a013627a28fc446eed6b95b1a7edc5a84b63e154ccb8
DA:7,2
DA:10,2
DA:13,2
DA:14,2
DA:15,2
DA:16,2
LF:6
LH:6
end_of_record
TN:
SF:t.632ac10a0aed49e504e035103aa2e186d9e4ab21441347f055f1fd360ad51f07
DA:6,1
DA:9,1
DA:11,1
DA:14,1
LF:4
LH:4
end_of_record
TN:
SF:t.650aefdd2a746c717fb979eb5c9b8d6d201b2725b7ae05c7cf5d46b37a069670
DA:5,1
DA:8,1
DA:9,1
DA:13,1
DA:14,0
LF:5
LH:4
end_of_record
TN:
SF:t.658ce36b454e07927ce199fbf52efbca35d9ca4b91d45b0d083d6ef7e1ebc663
DA:3,2
DA:4,2
LF:2
LH:2
end_of_record
TN:
SF:t.65d8b609398659916bb23d6f904a03d779e465e54c210efd7dd2e8ab0c1fe4b4
DA:5,1
DA:8,1
DA:9,1
DA:13,1
DA:14,0
LF:5
LH:4
end_of_record
TN:
SF:t.67743e3edb65053aeb9e0bd64ae07ab232abdebae51bf80b0dbc225ea40a2513
DA:6,1
DA:9,1
DA:11,1
DA:14,1
LF:4
LH:4
end_of_record
TN:
SF:t.68218b49b065d8bb634900fce92ae6ab8fddf3d05069b078cb3d76c85ff92c4e
DA:5,1
DA:8,1
DA:9,1
DA:13,1
DA:14,0
LF:5
LH:4
end_of_record
TN:
SF:t.6885320030882ea329c92e83a58d2a76549cc36bffe8ca40f992dcb69af98acf
DA:6,1
DA:9,1
DA:11,1
DA:14,1
LF:4
LH:4
end_of_record
TN:
SF:t.6a17e18f708b2e01674c3f8e01cffee2e2ce3868af3af24b1a5187885abe048c
DA:6,1
DA:9,1
DA:11,1
DA:14,1
LF:4
LH:4
end_of_record
TN:
SF:t.6a4b1aa51967e822a67378c59bd613d9fce345d939df1c36c13ce2a04cd39bfd
DA:4,2
DA:5,2
LF:2
LH:2
end_of_record
TN:
SF:t.6c72f61ca4615457bc032fcce76d6eec4f5c17099a1ffef3a645b0f202d29661
DA:6,1
DA:9,1
DA:11,1
DA:14,1
LF:4
LH:4
end_of_record
TN:
SF:t.6e060b7796202e806f1d56b017cfc61541a13bfe4552bca0d990aaa5cac172d6
DA:6,1
DA:9,1
DA:11,1
DA:14,1
LF:4
LH:4
end_of_record
TN:
SF:t.6e1212cbace8588199856a49e964deb6c23ebafcee1972e1fedde2cfa18201a7
DA:3,2
LF:1
LH:1
end_of_record
TN:
SF:t.6e9f9821ce0e602505134e2a0864d300b0185720dcb78c3e7bbdb7d7d215c5b7
DA:6,1
DA:9,1
DA:11,1
DA:14,1
LF:4
LH:4
end_of_record
TN:
SF:t.6f027ade5d4df5a0298d38f00d9d909691238bd3320db768fd80ba6ba66d59f6
DA:6,1
DA:9,1
DA:11,1
DA:14,1
LF:4
LH:4
end_of_record
TN:
SF:t.6fe57e4b4b421a6a8d69b1ed5e2eef29f09f1d3c687eddf99d18784a3a5c2caa
DA:5,1
DA:8,1
DA:9,1
DA:13,1
DA:14,0
LF:5
LH:4
end_of_record
TN:
SF:t.740be3be6bf7c95d26fb1b951563bbf2e1dee670926d517216f366b5e2dfe4bd
DA:4,1
LF:1
LH:1
end_of_record
TN:
SF:t.74c4b203b84b08d2c02bf6e52db820c428b411ad2f32cda5b6d5e3c2836f7891
DA:5,1
DA:8,1
DA:9,1
DA:13,1
DA:14,0
LF:5
LH:4
end_of_record
TN:
SF:t.757673471d08d957e019343fbf9e99108c281c59f946a15004b2019e2f4b5ff6
DA:3,2
LF:1
LH:1
end_of_record
TN:
SF:t.75a8d502adee83f2f10b919264a4ef53fdcba4ab944fdc6a1f43aa8d4868f3ce
DA:6,1
DA:9,1
DA:11,1
DA:14,1
LF:4
LH:4
end_of_record
TN:
SF:t.77faccad777761127e6a072af9bef4d3935e51348d72d62c18c22e959c285440
DA:6,1
DA:9,1
DA:11,1
DA:14,1
LF:4
LH:4
end_of_record
TN:
SF:t.78e725499adda3e914d6047b37bf10f1d85f17d83e464f3b724c02365c009759
DA:6,1
DA:9,1
DA:11,1
DA:14,1
LF:4
LH:4
end_of_record
TN:
SF:t.79d3ccf9b54a1638b5f6a0b91f1c8a650ab43d59a06327154afde793ce162f96
DA:6,2
DA:9,2
DA:11,2
DA:14,2
LF:4
LH:4
end_of_record
TN:
SF:t.7c0581db1a215fddfff6220ede85e64e9d9644e9d59a0f281cd39a3f92dda170
DA:5,1
DA:8,1
DA:9,1
DA:13,1
DA:14,0
LF:5
LH:4
end_of_record
TN:
SF:t.7c1f59633097637cd4a1b74edfde55ca516ea183c1f1297e4eaf08cd6545f4a0
DA:3,2
LF:1
LH:1
end_of_record
TN:
SF:t.7c54968e6dd8f76b2ccbf8a70684c6372de833052f431b869c1b9da1aad3b5c2
DA:6,1
DA:9,1
DA:11,1
DA:14,1
LF:4
LH:4
end_of_record
TN:
SF:t.7c820363eb7c6cfdd06bc84abc655ffdf5ceaa3790310f7cfb6672df3209815a
DA:6,1
DA:9,1
DA:11,1
DA:14,1
LF:4
LH:4
end_of_record
TN:
SF:t.7f274c39c961d3adee70537f623d766d937854c5f949e850d2c34db0a0b87e2c
DA:3,2
LF:1
LH:1
end_of_record
TN:
SF:t.7f6864009e8b9e4dd21e5014fb65b4524c772263c0347ef75a6d36ac9198c8db
DA:5,1
DA:8,1
DA:9,1
DA:13,1
DA:14,0
LF:5
LH:4
end_of_record
TN:
SF:t.80e6fbd0498100d4e0b6d66ac5a36ab63452567da1461f084c3da65916bbedc4
DA:17,2
DA:18,2
DA:19,2
DA:20,0
DA:21,0
DA:24,2
LF:6
LH:4
end_of_record
TN:
SF:t.84a51188f5746ea954e662123106d177a2f2f46bf3ac55a893fda706918b19f2
DA:6,1
DA:9,1
DA:11,1
DA:14,1
LF:4
LH:4
end_of_record
TN:
SF:t.8622bb40af3809a0a3209be0ee3f9fbfac848b3fea9480b41cdd77d51e0fd9c6
DA:6,1
DA:9,1
DA:11,1
DA:14,1
LF:4
LH:4
end_of_record
TN:
SF:t.86f41e946f60542b8cb1c14145da445eb4e2d46bb11337de5a516149d2ef574d
DA:6,1
DA:9,1
DA:11,1
DA:14,1
LF:4
LH:4
end_of_record
TN:
SF:t.880e24840624b0547fb52bfca62c90239f79be7c8e89bc183a49cc5d6f23a3d6
DA:6,1
DA:9,1
DA:11,1
DA:14,1
LF:4
LH:4
end_of_record
TN:
SF:t.8978f6e2be62e2b37af5f9dc76070017f1523d1e28898d6bd80efbece09aa7d1
DA:17,2
DA:20,2
DA:24,2
DA:25,8
DA:27,8
DA:28,8
DA:29,6
DA:32,8
DA:35,8
LF:9
LH:9
end_of_record
TN:
SF:t.8a58bfa617326abcc8c7d78171eba199008d3a26c87d48744c0e9668b0aa2352
DA:5,1
DA:8,1
DA:9,1
DA:13,1
DA:14,0
LF:5
LH:4
end_of_record
TN:
SF:t.8cb7544b96db9c16030285b37bd5e25d07be2e0ebe7294b50d06ca982101958e
DA:6,1
DA:9,1
DA:11,1
DA:14,1
LF:4
LH:4
end_of_record
TN:
SF:t.8da07b2d9022940cf732f30fed11613dff9455a06754efe21cd71917ec69a338
DA:6,1
DA:9,1
DA:11,1
DA:14,1
LF:4
LH:4
end_of_record
TN:
SF:t.8df089408e376e929e172c664be8050e79c27ca823b8fd6675a2d100e4b96d6c
DA:6,1
DA:9,1
DA:11,1
DA:14,1
LF:4
LH:4
end_of_record
TN:
SF:t.8ecd0baef1884e3ef8b7cc800a5d2e76d1b8ba3d73bc0c2c0bf2c74b0a55573c
DA:10,2
DA:14,2
DA:20,2
DA:21,2
DA:23,2
DA:25,2
LF:6
LH:6
end_of_record
TN:
SF:t.8f4c32db3200ff78d4c7eed6520fec71fc4f2b64f5fd6057b2f313722dc97160
DA:6,1
DA:9,1
DA:11,1
DA:14,1
LF:4
LH:4
end_of_record
TN:
SF:t.9035c0638eda038f231aede3fe1e60fde4464d714a54c314217a75dfe18b17ba
DA:3,2
LF:1
LH:1
end_of_record
TN:
SF:t.91bc9f33aca119be08ac563da768f4e78e2aecb3263a9e08cb41626346233f37
DA:6,8
DA:9,8
DA:11,8
DA:14,8
LF:4
LH:4
end_of_record
TN:
SF:t.93a4f19c9b057a73bb06403b00eb59e0ecd1bd27c69802d74e4a2cc70c3a5007
DA:5,1
DA:8,1
DA:9,1
DA:13,1
DA:14,0
LF:5
LH:4
end_of_record
TN:
SF:t.94c6d7cf1cc6148a6fcd145222f48a3d3c9537cb0015979f99c94fdc7f4f296e
DA:6,1
DA:9,1
DA:11,1
DA:14,1
LF:4
LH:4
end_of_record
TN:
SF:t.96814028ee0f891ca9dc0dbf14213c2326be5ad71eb85771a656fd39f59760eb
DA:5,1
DA:8,1
DA:9,1
DA:13,1
DA:14,0
LF:5
LH:4
end_of_record
TN:
SF:t.96ecf23f80d0ec983b57cd770731771e0b889d8c52c7df1921bd83d3fdae54a7
DA:5,1
DA:8,1
DA:9,1
DA:13,1
DA:14,0
LF:5
LH:4
end_of_record
TN:
SF:t.9733d16a2720f1456ddc3259147d1149754dce1c1f5ae8eacd14c273deb54740
DA:6,2
DA:9,2
LF:2
LH:2
end_of_record
TN:
SF:t.97efa1d8d12c3820b3b6b3c53bbbe641419057399fe8a6c7b5bdb6ec87b771d0
DA:3,2
DA:4,2
LF:2
LH:2
end_of_record
TN:
SF:t.983f52dbb92b64d12d80892f008c21d6701e517b4da9c7f206de04ebe84559d2
DA:6,1
DA:9,1
DA:11,1
DA:14,1
LF:4
LH:4
end_of_record
TN:
SF:t.9889b79acd69867cc7a17076702a8fea079d943c78627041940b6bcd81ad8ce4
DA:6,1
DA:9,1
DA:11,1
DA:14,1
LF:4
LH:4
end_of_record
TN:
SF:t.98c7632df78aed13b3e448fc3c2b47075667d061fbfcb8ff4319271f90a2b9c8
DA:6,1
DA:9,1
DA:11,1
DA:14,1
LF:4
LH:4
end_of_record
TN:
SF:t.9a88a35ca347d4991af2179ed4b7424946b60f6c9d1de181365e194e67f72e2b
DA:6,1
DA:9,1
DA:11,1
DA:14,1
LF:4
LH:4
end_of_record
TN:
SF:t.9d36df3781170418d3db9f045c8dbd3b407306bf212045b6125929c4e5001744
DA:6,1
DA:9,1
DA:11,1
DA:14,1
LF:4
LH:4
end_of_record
TN:
SF:t.9d9565db5f0fe6baac8210b22a369104be00a151f916d0d4b7b83827c7584189
DA:4,1
LF:1
LH:1
end_of_record
TN:
SF:t.9fbf5854340e6ea0b1e52d8c8921bdc09bd6a101242690841e2b5ba9feb99012
DA:5,1
DA:8,1
DA:9,1
DA:13,1
DA:14,0
LF:5
LH:4
end_of_record
TN:
SF:t.a0fed09266ee1b95def0db193683415abcde8fc3bc8249d0cc0a1df3f176d29e
DA:5,1
DA:8,1
DA:9,1
DA:13,1
DA:14,0
LF:5
LH:4
end_of_record
TN:
SF:t.a183b4b2347b67c4e018daec01f57374d09588aebcbeb7eb05f61310341c3a2d
DA:6,1
DA:9,1
DA:11,1
DA:14,1
LF:4
LH:4
end_of_record
TN:
SF:t.a5048b25348ccfe7f9589446377de367accd5006d06475ffb036a9fde5dfbfa9
DA:6,1
DA:9,1
DA:11,1
DA:14,1
LF:4
LH:4
end_of_record
TN:
SF:t.a7a46df8961692916a3176206fbf831c85763eb65ec7fc4a6b3f1742a7b1b5c9
DA:5,1
DA:8,1
DA:9,1
DA:13,1
DA:14,0
LF:5
LH:4
end_of_record
TN:
SF:t.a8084db423a87284b34be7baa792893e03718a003d7d54b2694de418e591e1b8
DA:6,1
DA:9,1
DA:11,1
DA:14,1
LF:4
LH:4
end_of_record
TN:
SF:t.a92485073dfc49c47a9928ed40832c4ff545ddb50a0c1579db52c9396d551459
DA:6,1
DA:9,1
DA:11,1
DA:14,1
LF:4
LH:4
end_of_record
TN:
SF:t.a9529acfa0a5a1cd30115a55472fafd93fddd85a46019b24b0c425717b4915d9
DA:6,1
DA:9,1
DA:11,1
DA:14,1
LF:4
LH:4
end_of_record
TN:
SF:t.ab13af6af345491811e5481e78601e4c11c12b3e8ba7282445fb01a80f7aadf7
DA:5,1
DA:8,1
DA:9,1
DA:13,1
DA:14,0
LF:5
LH:4
end_of_record
TN:
SF:t.ada69bac31d5bc45a02604909b5cb07127ee54933377ba62bb9dc4290ab47c14
DA:6,1
DA:9,1
DA:11,1
DA:14,1
LF:4
LH:4
end_of_record
TN:
SF:t.ae6a58ba990741f6501c5123d50dc178a7915c1c8b68da8ebf5a2f91dc5dfebe
DA:6,1
DA:9,1
DA:11,1
DA:14,1
LF:4
LH:4
end_of_record
TN:
SF:t.af07336da0ff93323f16e7d9c186933f471f43a5a7788fc5d25af8657aedd17a
DA:5,1
DA:8,1
DA:9,1
DA:13,1
DA:14,0
LF:5
LH:4
end_of_record
TN:
SF:t.afbcb187b690a561cf45827f7e855210ee835f84d672b1a7f1fb782dd1410f0e
DA:6,1
DA:9,1
DA:11,1
DA:14,1
LF:4
LH:4
end_of_record
TN:
SF:t.b0e87e9ca79bd022ec93a0c4141c425edf57eb7441cd9daf41e9118d2ffec9fa
DA:6,1
DA:9,1
DA:11,1
DA:14,1
LF:4
LH:4
end_of_record
TN:
SF:t.b1a076767b73e6197271c2ed5a887ae478d7f1928df1d6314d3b666bcd979416
DA:3,2
LF:1
LH:1
end_of_record
TN:
SF:t.b3798704dfe2c45f2893b920439aab73e0a45e43a2dfe7a04b12ff00280a3af2
DA:5,1
DA:8,1
DA:9,1
DA:13,1
DA:14,0
LF:5
LH:4
end_of_record
TN:
SF:t.b433c0e8d14ef856cc5778369c674876c5ed88ab5ad73a42058e5de1813511ab
DA:6,1
DA:9,1
DA:11,1
DA:14,1
LF:4
LH:4
end_of_record
TN:
SF:t.b44412a79f23647891d74109628ed0e31e30f2a96cfe18feef574403ebed7dea
DA:6,1
DA:9,1
DA:11,1
DA:14,1
LF:4
LH:4
end_of_record
TN:
SF:t.b5b9c7a4caf9cca4c8606e99b70285865a61b32385c5d95fd4050fd78dff81e8
DA:5,1
DA:8,1
DA:9,1
DA:13,1
DA:14,0
LF:5
LH:4
end_of_record
TN:
SF:t.b6b6976be351ef85d0a6ffe6791469e550dafa2b8101215da07a4b12c200e408
DA:3,1
LF:1
LH:1
end_of_record
TN:
SF:t.b706d52c3aa0722528a146c9b980141123b218035b8ea0d3ad91dc13c7495d84
DA:5,1
DA:8,1
DA:9,1
DA:13,1
DA:14,0
LF:5
LH:4
end_of_record
TN:
SF:t.b722efe725a7aff98e0136d7f7a5d9e4cad8d42b0cca6adcef6fc8111c0c9fbc
DA:3,1
LF:1
LH:1
end_of_record
TN:
SF:t.b83683226905f6dc63ca81178a7be56d9e09c7c9008484d839b6580ce3ea1277
DA:6,1
DA:9,1
DA:11,1
DA:14,1
LF:4
LH:4
end_of_record
TN:
SF:t.ba1f9d7bb1ebb333bd8c56bfd72c47f68ecaaf4a787380f75cfca8da227fa705
DA:6,1
DA:9,1
DA:11,1
DA:14,1
LF:4
LH:4
end_of_record
TN:
SF:t.bad4cb9cbee5ae40765e67799b8a80e87523112b279a64cb02134a76bd068e2b
DA:5,1
DA:8,1
DA:9,1
DA:13,1
DA:14,0
LF:5
LH:4
end_of_record
TN:
SF:t.bea5d9403eff13f139b26e47be58fe629d44a3b4df16a9d983a8d1ddfe40a6d2
DA:6,1
DA:9,1
DA:11,1
DA:14,1
LF:4
LH:4
end_of_record
TN:
SF:t.becf461c6db2516bf2b7f8afaa9feb93149064545daf32e8b8d426971be8eedb
DA:3,2
LF:1
LH:1
end_of_record
TN:
SF:t.c1822f1804176491adebc92722cab0db466d524e3c8785c740e32509776877d0
DA:6,1
DA:9,1
DA:11,1
DA:14,1
LF:4
LH:4
end_of_record
TN:
SF:t.c3d339709a0119a8dec2ee5b0d799b8007367739d36ce6f8ff5fe0a11c6de336
DA:6,1
DA:9,1
DA:11,1
DA:14,1
LF:4
LH:4
end_of_record
TN:
SF:t.c482f95f71ec3700b79d28eb974782424fb951585171fe65bac5521144ebe87e
DA:5,1
DA:8,1
DA:9,1
DA:13,1
DA:14,0
LF:5
LH:4
end_of_record
TN:
SF:t.c4de688177565762ca32c0961cf3fc017b0508cb390d7a9f9e4db8be27a128d7
DA:5,1
DA:8,1
DA:9,1
DA:13,1
DA:14,0
LF:5
LH:4
end_of_record
TN:
SF:t.c5c9dd4494a33ea2a1a8ac33b0dbed7f49b9556ad59dc17c0456a966806ef0c6
DA:6,1
DA:9,1
DA:11,1
DA:14,1
LF:4
LH:4
end_of_record
TN:
SF:t.c6a2fe81c777c122343c7c170ee20f9a3a4cd979be98069bc7994f6c7031c41d
DA:5,1
DA:8,1
DA:9,1
DA:13,1
DA:14,0
LF:5
LH:4
end_of_record
TN:
SF:t.c7aaf790a93abf68b73e61b8331987749f8de831d05e42ec24985296e7d75779
DA:5,1
DA:8,1
DA:9,1
DA:13,1
DA:14,0
LF:5
LH:4
end_of_record
TN:
SF:t.c8601f3895ce9590917fb0b4b7f7101981487877e26ce8f36b62c4967e023c63
DA:6,1
DA:9,1
DA:11,1
DA:14,1
LF:4
LH:4
end_of_record
TN:
SF:t.c86ba80c31365d725a85386c0676aecd39af75f2bfc40cad4f636a9f53594b04
DA:5,1
DA:8,1
DA:9,1
DA:13,1
DA:14,0
LF:5
LH:4
end_of_record
TN:
SF:t.c87aff27e44c11ab271f91a28822e28105370e1752730b26620b72b1df9c7466
DA:3,2
LF:1
LH:1
end_of_record
TN:
SF:t.c96ad648a0fc31e509b384ccc5e8e44dd39cb02350ec393ddd375bfba203c20d
DA:3,2
LF:1
LH:1
end_of_record
TN:
SF:t.c9ab0d78223a093d614dbd29e3dacdc1f0b05f1b6085fb4aaf4fb225df498131
DA:3,2
LF:1
LH:1
end_of_record
TN:
SF:t.cb192f3f8b96ff53adbcb22956c538ed7cce2a4971f6321b227a3d3b5031edd1
DA:6,1
DA:9,1
DA:11,1
DA:14,1
LF:4
LH:4
end_of_record
TN:
SF:t.ce7f70bc40f3dc2687b96d4e22cf84662144b121c113ace1fa60e1774869b156
DA:6,1
DA:9,1
DA:11,1
DA:14,1
LF:4
LH:4
end_of_record
TN:
SF:t.ce98995ada742e14225e0c8e2a56f824aa7c1c9583492e65908b979f5e7d8c2c
DA:6,1
DA:9,1
DA:11,1
DA:14,1
LF:4
LH:4
end_of_record
TN:
SF:t.d1cfc87f3d1edcbb49f1fd4158254253f63cb4b34e105104fa18fbd72c0e806e
DA:6,1
DA:9,1
DA:11,1
DA:14,1
LF:4
LH:4
end_of_record
TN:
SF:t.d23e06a1afdc0f8606a1c8571a27778e5d10148c176f9f8fc9e68ddbfe0a5177
DA:6,1
DA:9,1
DA:11,1
DA:14,1
LF:4
LH:4
end_of_record
TN:
SF:t.d3273ffee0153b1ce20a9351dc672defcd9b54fd1757d87e43ddc6fe4f56786b
DA:6,1
DA:9,1
DA:11,1
DA:14,1
LF:4
LH:4
end_of_record
TN:
SF:t.d7fb40f3dbf11d7095b7b36e4a78168ec402d7d08bb9a49ce8bbbc62199808ba
DA:6,1
DA:9,1
DA:11,1
DA:14,1
LF:4
LH:4
end_of_record
TN:
SF:t.db21e28946a85ef50e2b2b429412482a1bc8395123a5ae1c205751dcf2c742b0
DA:6,1
DA:9,1
DA:11,1
DA:14,1
LF:4
LH:4
end_of_record
TN:
SF:t.db3c6caeba2d392361a33a76033ee3b5a1a56b912ef7f6ebe34e935bf61c6c3d
DA:3,1
DA:4,1
LF:2
LH:2
end_of_record
TN:
SF:t.dc33c5f5b272fcd46ad1343c8f984f8a638b4a7644ff5c7a64f1c12d85783678
DA:5,1
DA:8,1
DA:9,1
DA:13,1
DA:14,0
LF:5
LH:4
end_of_record
TN:
SF:t.dca6e3ac5fe4f58e06064dcb70d03fe0a46b5e73cdb180ca5197b65cd706c75d
DA:6,1
DA:9,1
DA:11,1
DA:14,1
LF:4
LH:4
end_of_record
TN:
SF:t.e28ecbe969a9716ee0c5783a8f66699c83d54b5c2bdcc33dce7fed6483582e34
DA:6,1
DA:9,1
DA:11,1
DA:14,1
LF:4
LH:4
end_of_record
TN:
SF:t.e31ca4491bb05946228f63a6aa97f49097be7f0d2c9764ca76a949709b2fce55
DA:3,2
LF:1
LH:1
end_of_record
TN:
SF:t.e45dcdb96881cec14f14f847142dd262191e26f56cd627450d2972062b2373a5
DA:6,1
DA:9,1
DA:11,1
DA:14,1
LF:4
LH:4
end_of_record
TN:
SF:t.e4d4c87fd373bfc678e0f8583e4573ddcbba0551c648dc22a4fbaf681cf27ba1
DA:5,1
DA:8,1
DA:9,1
DA:13,1
DA:14,0
LF:5
LH:4
end_of_record
TN:
SF:t.e612f0aa292522b9bf914b35ca2220fce28f554aa0b6f61b62d9fe11d19664e4
DA:3,1
DA:4,1
LF:2
LH:2
end_of_record
TN:
SF:t.e6f1a7246423392be548eeea0d952591cd9517a48b2f6ffad2b0eeb82a96cf9a
DA:6,1
DA:9,1
DA:11,1
DA:14,1
LF:4
LH:4
end_of_record
TN:
SF:t.ea7bd0bfb5cf422ef1065987820a0bb7afa8e176ef873c988b636746cff876e8
DA:5,1
DA:8,1
DA:9,1
DA:13,1
DA:14,0
LF:5
LH:4
end_of_record
TN:
SF:t.ea879315cfc59c27aadcdf9122f8465751a20cb3ac90b7561cad8f4ec782430e
DA:6,1
DA:9,1
DA:11,1
DA:14,1
LF:4
LH:4
end_of_record
TN:
SF:t.eafd1c30ec03a72bcea4e593f1c61708c3acdfb649b4ee509b62adcf97912dcd
DA:6,1
DA:9,1
DA:11,1
DA:14,1
LF:4
LH:4
end_of_record
TN:
SF:t.eb8c7a558706d1938a572737bdecc66e7c047d6a58226e4b5dc3eb3ad7317b6b
DA:4,2
LF:1
LH:1
end_of_record
TN:
SF:t.ec5aea9e0478b96649ea4131b5700f555520a6ade0f6be5222659723213d7a7f
DA:3,2
LF:1
LH:1
end_of_record
TN:
SF:t.ec5d9007b23ffff3d762da7c7261fd6c9d5b57b5fe206cc873fa862ff761ca9a
DA:6,1
DA:9,1
DA:11,1
DA:14,1
LF:4
LH:4
end_of_record
TN:
SF:t.ef7b2a778932dd09167bc25c417464e2decd901c282c51c82db5295bce31e2da
DA:6,1
DA:9,1
DA:11,1
DA:14,1
LF:4
LH:4
end_of_record
TN:
SF:t.efa56418a31c8733264020049f25405ccdb6d4da19592eff666c3e2a7a8a14dd
DA:6,1
DA:9,1
DA:11,1
DA:14,1
LF:4
LH:4
end_of_record
TN:
SF:t.eff3d1db272c1ffac6d76932e0f75d0712e3f072fcaf24aa4ad2dd841e33f758
DA:6,1
DA:9,1
DA:11,1
DA:14,1
LF:4
LH:4
end_of_record
TN:
SF:t.f0c57c4118b3d6502f9d97dc91f434e782f81e773d6154e427f3ad73bc32119b
DA:3,1
DA:4,1
LF:2
LH:2
end_of_record
TN:
SF:t.f1d3faafb459ef3c99c0c8432dd6c90972d5485a800f7e609ae6a1ad8a63dd86
DA:6,1
DA:9,1
DA:11,1
DA:14,1
LF:4
LH:4
end_of_record
TN:
SF:t.f3e90db70fb417ba5a02ae0af8edfcc45cc77864b0f8036f379c0eb8abcc587b
DA:6,1
DA:9,1
DA:11,1
DA:14,1
LF:4
LH:4
end_of_record
TN:
SF:t.f4f430f6a04a007ee2f95fe67dbfa7e1a1d24556cc97243c2e0a682bdd5486da
DA:6,1
DA:9,1
DA:11,1
DA:14,1
LF:4
LH:4
end_of_record
TN:
SF:t.f6b5ac6b612bc39b7f0dd52255fb2801668622a441cce84de5d736749fb6dbf6
DA:5,1
DA:8,1
DA:9,1
DA:13,1
DA:14,0
LF:5
LH:4
end_of_record
TN:
SF:t.f8792d1a9348f20f512758487d7fa1ecf72665b6b5b04080c82b629626d11a11
DA:5,1
DA:8,1
DA:9,1
DA:13,1
DA:14,0
LF:5
LH:4
end_of_record
TN:
SF:t.f9d688e2bc95ee9e6e962b97ebc1d50e042efde0bfb1ed75934595a6d7c748bf
DA:6,1
DA:9,1
DA:11,1
DA:14,1
LF:4
LH:4
end_of_record
TN:
SF:t.fdf05593dda991580f2f6a45d8d51cc35de8f848d023ad2743dccbaca07a49ca
DA:3,2
LF:1
LH:1
end_of_record
TN:
SF:t.fe15ecc3882bcee8393ba98f39170595a74fa1b2bb6809c5e5739e6c56f76b42
DA:3,2
LF:1
LH:1
end_of_record
TN:
SF:t.fe42b908b04a0621ac8b6db748fcf03c1ee396e33cc056e3e173356c78c94d00
DA:5,1
DA:8,1
DA:9,1
DA:13,1
DA:14,0
LF:5
LH:4
end_of_record
TN:
SF:t.ff5a6e115cf04ac4618e6bd3ed2aef8f16558dfc470f893a15a7b94b2c39caca
DA:5,1
DA:8,1
DA:9,1
DA:13,1
DA:14,0
LF:5
LH:4
end_of_record
TN:
SF:t.ff7d50c36fcf2e4ba822ec1e251b294ac8bc815a8116f79d61a4d5ad4b064270
DA:3,1
DA:4,1
LF:2
LH:2
end_of_record
